
Cadence Innovus(TM) Implementation System.
Copyright 2017 Cadence Design Systems, Inc. All rights reserved worldwide.

Version:	v17.12-s095_1, built Thu Nov 9 12:10:01 PST 2017
Options:	
Date:		Mon Dec 18 15:07:14 2023
Host:		cadence6 (x86_64 w/Linux 3.10.0-1160.105.1.el7.x86_64) (4cores*4cpus*Intel(R) Xeon(R) CPU E5-1607 v3 @ 3.10GHz 10240KB)
OS:		Red Hat Enterprise Linux Server release 7.9 (Maipo)

License:
		invs	Innovus Implementation System	17.1	checkout succeeded
		8 CPU jobs allowed with the current license(s). Use setMultiCpuUsage to set your required CPU count.
Change the soft stacksize limit to 0.2%RAM (63 mbytes). Set global soft_stack_size_limit to change the value.
<CMD> getVersion
Sourcing startup file /home/vlsi6/.cadence/innovus/gui.color.tcl
<CMD> setLayerPreference screen -isVisible 1 -isSelectable 1 -color #ffcbcf -stippleData 8 8 {0x01 0x01 0x01 0x01 0x01 0xff 0x01 0x01}
<CMD> setLayerPreference areaIo -isVisible 1 -isSelectable 1 -color #888b8c -stipple dot4
<CMD> setLayerPreference blackBox -isVisible 1 -isSelectable 1 -color #626565 -stipple solid
<CMD> setLayerPreference block -isVisible 1 -isSelectable 1 -color #888b8c -stippleData 8 4 {0x55 0xaa 0x55 0xaa}
<CMD> setLayerPreference pinblock -isVisible 0 -isSelectable 0 -color {} -stippleData 0 0 {}
<CMD> setLayerPreference obsblock -isVisible 0 -isSelectable 0 -color {} -stippleData 0 0 {}
<CMD> setLayerPreference bumpBack -isVisible 1 -isSelectable 1 -color {DodgerBlue3 red orange #c88686} -stipple grid
<CMD> setLayerPreference bump -isVisible 1 -isSelectable 1 -color {DodgerBlue3 red orange #c88686} -stipple dot4
<CMD> setLayerPreference busguide -isVisible 1 -isSelectable 1 -color {pink #ffc0ff #00ff00 #0000ff #ffff00 #ff00ff #00ffff #ff8a00 #00ff8e #8e00ff #8eff00 #ff008e #008aff #ff8a8e #8eff8e #8e8aff #ffff8e #ff8aff #8effff #ff5500 #00ff59 #5900ff #59ff00 #ff0055 #0055ff #bebebe #808080 #a0a0a0 #ff80ff #ff0000} -stippleData 8 8 {0x00 0x00 0x00 0x08 0x10 0x00 0x00 0x00}
<CMD> setLayerPreference clock -isVisible 1 -isSelectable 1 -color white -stipple none
<CMD> setLayerPreference coverCell -isVisible 1 -isSelectable 1 -color #888b8c -stipple dot4
<CMD> setLayerPreference cover -isVisible 1 -isSelectable 1 -color #ffaa00 -stipple dot4
<CMD> setLayerPreference drcRegion -isVisible 1 -isSelectable 1 -color magenta -stippleData 8 4 {0x20 0x04 0x20 0x04}
<CMD> setLayerPreference datapath -isVisible 1 -isSelectable 1 -color LightBlue -stippleData 8 4 {0x00 0x00 0xff 0x00}
<CMD> setLayerPreference fence -isVisible 1 -isSelectable 1 -color #ff9966 -stippleData 8 4 {0x55 0xaa 0x55 0xaa}
<CMD> setLayerPreference fillBlk -isVisible 1 -isSelectable 1 -color yellow -stippleData 8 4 {0x20 0x04 0x20 0x04}
<CMD> setLayerPreference fixed -isVisible 1 -isSelectable 1 -color #00d0d0 -stipple dot4
<CMD> setLayerPreference pgGround -isVisible 1 -isSelectable 1 -color white -stippleData 8 4 {0x20 0x04 0x20 0x04}
<CMD> setLayerPreference guide -isVisible 1 -isSelectable 1 -color #f3b2e3 -stippleData 8 4 {0x55 0xaa 0x55 0xaa}
<CMD> setLayerPreference io -isVisible 1 -isSelectable 1 -color #888b8c -stipple dot4
<CMD> setLayerPreference pinio -isVisible 0 -isSelectable 0 -color {} -stippleData 0 0 {}
<CMD> setLayerPreference obsio -isVisible 0 -isSelectable 0 -color {} -stippleData 0 0 {}
<CMD> setLayerPreference ioSlot -isVisible 1 -isSelectable 1 -color #009900 -stippleData 8 8 {0x02 0x02 0x02 0x02 0x02 0xff 0x02 0x02}
<CMD> setLayerPreference piniopin -isVisible 0 -isSelectable 0 -color {} -stippleData 0 0 {}
<CMD> setLayerPreference ioRow -isVisible 1 -isSelectable 1 -color #4b4b4b -stippleData 8 4 {0x55 0xaa 0x55 0xaa}
<CMD> setLayerPreference powerNet -isVisible 1 -isSelectable 1 -color {#004e72 #a2cd5a #caff70 #eedd82 #ffff00 #ffd700 #ffa500 #ff7f50 #ff0000 green #8cf600 #aef600 #d2f600 yellow gold orange DarkOrange red #f2f2f6f6f8f8 white} -stippleData 8 4 {0xaa 0x55 0xaa 0x55}
<CMD> setLayerPreference inst -isVisible 1 -isSelectable 1 -color #888b8c -stipple dot4
<CMD> setLayerPreference isolation -isVisible 1 -isSelectable 1 -color #00ff00 -stipple dot4
<CMD> setLayerPreference macroOnly -isVisible 1 -isSelectable 1 -color green -stippleData 8 8 {0x01 0x01 0x01 0x01 0x01 0xff 0x01 0x01}
<CMD> setLayerPreference congTag -isVisible 1 -isSelectable 1 -color {red orange green} -stipple solid
<CMD> setLayerPreference metalFill -isVisible 1 -isSelectable 1 -color brown -stipple none
<CMD> setLayerPreference hinst -isVisible 1 -isSelectable 1 -color #f3b2e3 -stippleData 8 4 {0x55 0xaa 0x55 0xaa}
<CMD> setLayerPreference obstruct -isVisible 1 -isSelectable 1 -color #582720 -stippleData 8 8 {0x01 0x01 0x01 0x01 0x01 0xff 0x01 0x01}
<CMD> setLayerPreference funcother -isVisible 1 -isSelectable 1 -color #c1cadd -stipple dot4
<CMD> setLayerPreference pinother -isVisible 0 -isSelectable 0 -color {} -stippleData 0 0 {}
<CMD> setLayerPreference obsother -isVisible 0 -isSelectable 0 -color {} -stippleData 0 0 {}
<CMD> setLayerPreference obsoverlap -isVisible 1 -isSelectable 1 -color {} -stippleData 0 0 {}
<CMD> setLayerPreference partition -isVisible 1 -isSelectable 1 -color #cf7d5f -stippleData 8 4 {0x55 0xaa 0x55 0xaa}
<CMD> setLayerPreference ptnFeed -isVisible 1 -isSelectable 1 -color white -stippleData 8 4 {0x20 0x04 0x20 0x04}
<CMD> setLayerPreference ptnPinBlk -isVisible 1 -isSelectable 1 -color red -stippleData 8 4 {0x20 0x04 0x20 0x04}
<CMD> setLayerPreference phyCell -isVisible 1 -isSelectable 1 -color #888b8c -stipple dot4
<CMD> setLayerPreference routeGuide -isVisible 1 -isSelectable 1 -color white -stippleData 8 4 {0x20 0x04 0x20 0x04}
<CMD> setLayerPreference place -isVisible 1 -isSelectable 1 -color #c1cadd -stipple dot4
<CMD> setLayerPreference pgPower -isVisible 1 -isSelectable 1 -color white -stippleData 8 4 {0x20 0x04 0x20 0x04}
<CMD> setLayerPreference pwrdm -isVisible 1 -isSelectable 1 -color {#de0000 gold #9F8050 cyan red green blue yellow magenta orange purple brown pink skyblue navy sandybrown DodgerBlue3 #d0d0d0 #e0e0e0 #d8d8d8 #e8e8e8 #666666 #368229 #293682 #a8a8a8 #b8b8b8 #903390 #d19090 #c023d0 #c84598 #45c898 #98c545} -stippleData 8 4 {0x55 0xaa 0x55 0xaa}
<CMD> setLayerPreference netRect -isVisible 0 -isSelectable 0 -color #004ed2 -stippleData 8 4 {0x12 0x55 0x12 0x55}
<CMD> setLayerPreference pwrswt -isVisible 1 -isSelectable 1 -color #ff55ff -stipple dot4
<CMD> setLayerPreference region -isVisible 1 -isSelectable 1 -color #f3b283 -stippleData 8 4 {0x55 0xaa 0x55 0xaa}
<CMD> setLayerPreference layerBlk -isVisible 1 -isSelectable 1 -color yellow -stippleData 8 4 {0x20 0x04 0x20 0x04}
<CMD> setLayerPreference flop -isVisible 1 -isSelectable 1 -color #00d0d0 -stipple dot4
<CMD> setLayerPreference shift -isVisible 1 -isSelectable 1 -color #ff0000 -stipple dot4
<CMD> setLayerPreference net -isVisible 1 -isSelectable 1 -color blue -stipple none
<CMD> setLayerPreference sizeBlkg -isVisible 1 -isSelectable 1 -color magenta -stipple dot4
<CMD> setLayerPreference slotBlk -isVisible 1 -isSelectable 1 -color yellow -stippleData 8 4 {0x20 0x04 0x20 0x04}
<CMD> setLayerPreference softfix -isVisible 1 -isSelectable 1 -color #ff55ff -stipple dot4
<CMD> setLayerPreference power -isVisible 1 -isSelectable 1 -color white -stippleData 8 4 {0x20 0x04 0x20 0x04}
<CMD> setLayerPreference stdRow -isVisible 1 -isSelectable 0 -color #4b4b4b -stipple none
<CMD> setLayerPreference stdCell -isVisible 1 -isSelectable 1 -color #888b8c -stipple dot4
<CMD> setLayerPreference pinstdCell -isVisible 0 -isSelectable 0 -color {} -stippleData 0 0 {}
<CMD> setLayerPreference obsstdCell -isVisible 0 -isSelectable 0 -color {} -stippleData 0 0 {}
<CMD> setLayerPreference term -isVisible 1 -isSelectable 1 -color #f0d218 -stippleData 8 4 {0xaa 0x55 0xaa 0x55}
<CMD> setLayerPreference trimBlk -isVisible 1 -isSelectable 1 -color lightblue -stippleData 8 4 {0x20 0x04 0x20 0x04}
<CMD> setLayerPreference undefBlk -isVisible 1 -isSelectable 1 -color yellow -stippleData 8 4 {0x20 0x04 0x20 0x04}
<CMD> setLayerPreference unplace -isVisible 1 -isSelectable 1 -color #aa5500 -stipple dot4
<CMD> setLayerPreference violation -isVisible 1 -isSelectable 1 -color white -stipple solid
<CMD> setLayerPreference VirtualShape -isVisible 1 -isSelectable 1 -color white -stipple solid
<CMD> setLayerPreference whatIfShape -isVisible 1 -isSelectable 1 -color white -stipple none
<CMD> setLayerPreference aggress -isVisible 1 -isSelectable 0 -color white -stipple solid
<CMD> setLayerPreference blockHalo -isVisible 1 -isSelectable 0 -color #d26c6c -stipple solid
<CMD> setLayerPreference pGrid -isVisible 0 -isSelectable 0 -color gray -stipple none
<CMD> setLayerPreference blkLink -isVisible 1 -isSelectable 0 -color green -stippleData 0 0 {}
<CMD> setLayerPreference eol -isVisible 0 -isSelectable 0 -color {} -stipple none
<CMD> setLayerPreference bumpConnect -isVisible 1 -isSelectable 0 -color yellow -stipple none
<CMD> setLayerPreference layoutObj -isVisible 0 -isSelectable 0 -color blue -stipple none
<CMD> setLayerPreference channel -isVisible 1 -isSelectable 1 -color red -stipple none
<CMD> setLayerPreference congChan -isVisible 0 -isSelectable 0 -color red -stipple none
<CMD> setLayerPreference congestObj -isVisible 0 -isSelectable 1 -color white -stipple none
<CMD> setLayerPreference congest -isVisible 0 -isSelectable 1 -color red -stippleData 8 4 {0x12 0x48 0x21 0x84}
<CMD> setLayerPreference densityMap -isVisible 0 -isSelectable 1 -color {} -stippleData 0 0 {}
<CMD> setLayerPreference unknowState -isVisible 1 -isSelectable 0 -color white -stipple none
<CMD> setLayerPreference effectRes -isVisible 1 -isSelectable 1 -color { #8cf600 #aef600 #d2f600 yellow gold orange DarkOrange red white blue} -stipple none
<CMD> setLayerPreference fGrid -isVisible 0 -isSelectable 1 -color gray -stipple none
<CMD> setLayerPreference fiGrid -isVisible 0 -isSelectable 0 -color gray -stipple none
<CMD> setLayerPreference fmGrid -isVisible 0 -isSelectable 0 -color gray -stipple none
<CMD> setLayerPreference fpGrid -isVisible 0 -isSelectable 0 -color gray -stipple none
<CMD> setLayerPreference flightLine -isVisible 1 -isSelectable 0 -color blue -stipple none
<CMD> setLayerPreference gcell -isVisible 0 -isSelectable 0 -color yellow -stipple none
<CMD> setLayerPreference gcellOvflow -isVisible 0 -isSelectable 1 -color white -stipple none
<CMD> setLayerPreference goObj -isVisible 1 -isSelectable 1 -color yellow -stipple none
<CMD> setLayerPreference gridRes -isVisible 1 -isSelectable 1 -color red -stipple none
<CMD> setLayerPreference iGrid -isVisible 0 -isSelectable 0 -color gray -stipple none
<CMD> setLayerPreference lithoHalo -isVisible 1 -isSelectable 0 -color purple -stipple brick
<CMD> setLayerPreference macroSitePattern -isVisible 0 -isSelectable 0 -color #58d0ca -stipple none
<CMD> setLayerPreference mGrid -isVisible 0 -isSelectable 0 -color white -stipple none
<CMD> setLayerPreference metalDensityMap -isVisible 0 -isSelectable 1 -color {} -stippleData 0 0 {}
<CMD> setLayerPreference nonPrefTrackObj -isVisible 0 -isSelectable 0 -color white -stipple none
<CMD> setLayerPreference overlapBlk -isVisible 0 -isSelectable 0 -color green -stipple solid
<CMD> setLayerPreference overlapGuide -isVisible 0 -isSelectable 0 -color blue -stipple solid
<CMD> setLayerPreference overlapMacro -isVisible 0 -isSelectable 0 -color white -stipple solid
<CMD> setLayerPreference pgViaGridObj -isVisible 0 -isSelectable 0 -color white -stipple none
<CMD> setLayerPreference gdsii -isVisible 0 -isSelectable 0 -color {} -stippleData 0 0 {}
<CMD> setLayerPreference pinDensityMap -isVisible 0 -isSelectable 1 -color {} -stippleData 0 0 {}
<CMD> setLayerPreference pinText -isVisible 1 -isSelectable 0 -color white -stipple none
<CMD> setLayerPreference portNum -isVisible 0 -isSelectable 0 -color white -stipple none
<CMD> setLayerPreference powerDensity -isVisible 0 -isSelectable 0 -color {} -stippleData 0 0 {}
<CMD> setLayerPreference trackObj -isVisible 0 -isSelectable 0 -color white -stipple none
<CMD> setLayerPreference reduced -isVisible 1 -isSelectable 1 -color #58d0ca -stipple none
<CMD> setLayerPreference relFPlan -isVisible 1 -isSelectable 0 -color yellow -stipple solid
<CMD> setLayerPreference resizeFPLine2 -isVisible 1 -isSelectable 0 -color green -stipple solid
<CMD> setLayerPreference resizeFPLine1 -isVisible 1 -isSelectable 0 -color yellow -stipple solid
<CMD> setLayerPreference routeCongest -isVisible 0 -isSelectable 0 -color {} -stippleData 0 0 {}
<CMD> setLayerPreference routingHalo -isVisible 1 -isSelectable 0 -color brown -stipple brick
<CMD> setLayerPreference sitePattern -isVisible 0 -isSelectable 0 -color #4b4b4b -stipple none
<CMD> setLayerPreference ruler -isVisible 1 -isSelectable 1 -color yellow -stipple none
<CMD> setLayerPreference rulerText -isVisible 1 -isSelectable 1 -color yellow -stipple none
<CMD> setLayerPreference select -isVisible 1 -isSelectable 1 -color white -stipple solid
<CMD> setLayerPreference shield -isVisible 1 -isSelectable 0 -color white -stipple none
<CMD> setLayerPreference text -isVisible 1 -isSelectable 0 -color white -stipple none
<CMD> setLayerPreference timingMap -isVisible 0 -isSelectable 1 -color {} -stippleData 0 0 {}
<CMD> setLayerPreference slack -isVisible 1 -isSelectable 1 -color {} -stippleData 0 0 {}
<CMD> setLayerPreference trialTrack -isVisible 0 -isSelectable 1 -color white -stipple none
<CMD> setLayerPreference trimGridObj -isVisible 0 -isSelectable 0 -color white -stipple none
<CMD> setLayerPreference trim -isVisible 1 -isSelectable 0 -color white -stipple none
<CMD> setLayerPreference userGrid -isVisible 0 -isSelectable 0 -color gray -stipple none
<CMD> setLayerPreference ctdObj -isVisible 1 -isSelectable 1 -color {red green blue yellow magenta cyan orange purple white} -stippleData 8 4 {0xaa 0x55 0xaa 0x55}
<CMD> setLayerPreference clkTree -isVisible 1 -isSelectable 1 -color {#004e72 #004ea8 #004ed2 #004ef2 #00acf2 #00caf2 #00f2f2 #00f2d2 #00f2aa green #8cf600 #aef600 #d2f600 yellow #fed600 #feb800 #fe9800 red #f2f2f6f6f8f8 white} -stipple none
<CMD> setLayerPreference dpt -isVisible 1 -isSelectable 0 -color {gray red green yellow} -stipple none
<CMD> setLayerPreference fpConn -isVisible 1 -isSelectable 1 -color {red green blue yellow magenta cyan orange purple white} -stippleData 8 4 {0xaa 0x55 0xaa 0x55}
<CMD> setLayerPreference flColors -isVisible 0 -isSelectable 1 -color {red orange yellow green blue white white white white white} -stippleData 0 0 {}
<CMD> setLayerPreference gtdObj -isVisible 1 -isSelectable 1 -color {#ffffff #ff0000 #ffc0cb #ffa500 #ffd700 #00ff00 #006400 #1dd8e6 #00008b} -stippleData 8 4 {0xaa 0x55 0xaa 0x55}
<CMD> setLayerPreference congestH -isVisible 0 -isSelectable 1 -color {white white white red yellow green cyan blue black black} -stipple none
<CMD> setLayerPreference checkFPlanSpace -isVisible 1 -isSelectable 1 -color {red orange white} -stipple solid
<CMD> setLayerPreference substrateNoise -isVisible 0 -isSelectable 0 -color {#0055ff #00c9ff #00ff77 #45ff00 #8bff00 #cbff00 #fff700 #ff9d00 #ff2f00 #c30000} -stippleData 8 4 {0xaa 0x55 0xaa 0x55}
<CMD> setLayerPreference thermal -isVisible 0 -isSelectable 1 -color {#0055ff #00c9ff #00ff77 #45ff00 #8bff00 #cbff00 #fff700 #ff9d00 #ff2f00 #c30000} -stippleData 8 4 {0xaa 0x55 0xaa 0x55}
<CMD> setLayerPreference congestV -isVisible 0 -isSelectable 1 -color {white white white red yellow green cyan blue black black} -stipple none
<CMD> setLayerPreference world -isVisible 1 -isSelectable 1 -color {yellow green blue} -stipple none
<CMD> setLayerPreference M0 -isVisible 1 -isSelectable 1 -color sandybrown -stipple slash2
<CMD> setLayerPreference M0Hi -isVisible 1 -isSelectable 1 -color white -stipple slash2
<CMD> setLayerPreference M0Cont -isVisible 1 -isSelectable 1 -color plum -stipple dot4
<CMD> setLayerPreference M0Track -isVisible 1 -isSelectable 1 -color sandybrown -stipple cross
<CMD> setLayerPreference M0Pin -isVisible 1 -isSelectable 1 -color sandybrown -stipple cross
<CMD> setLayerPreference M0ContPin -isVisible 1 -isSelectable 1 -color sandybrown -stipple dot4
<CMD> setLayerPreference M0RB -isVisible 1 -isSelectable 1 -color sandybrown -stipple brick
<CMD> setLayerPreference M0ContRB -isVisible 1 -isSelectable 1 -color sandybrown -stipple dot8_2
<CMD> setLayerPreference M0Vio -isVisible 1 -isSelectable 1 -color white -stipple solid
<CMD> setLayerPreference M0ContVio -isVisible 1 -isSelectable 1 -color white -stipple solid
<CMD> setLayerPreference M0Text -isVisible 1 -isSelectable 1 -color sandybrown -stippleData 0 0 {}
<CMD> setLayerPreference M0EOL -isVisible 1 -isSelectable 1 -color sandybrown -stippleData 8 8 {0x01 0x01 0x01 0x01 0x01 0xff 0x01 0x01}
<CMD> setLayerPreference M0Patch -isVisible 1 -isSelectable 1 -color sandybrown -stippleData 8 8 {0x01 0x01 0x01 0x01 0x01 0xff 0x01 0x01}
<CMD> setLayerPreference M1 -isVisible 1 -isSelectable 1 -color blue -stipple backslash2
<CMD> setLayerPreference M1Hi -isVisible 1 -isSelectable 1 -color white -stipple backslash2
<CMD> setLayerPreference M1Cont -isVisible 1 -isSelectable 1 -color blue -stipple dot4
<CMD> setLayerPreference M1Track -isVisible 1 -isSelectable 1 -color blue -stipple cross
<CMD> setLayerPreference M1Pin -isVisible 1 -isSelectable 1 -color blue -stipple cross
<CMD> setLayerPreference M1ContPin -isVisible 1 -isSelectable 1 -color blue -stipple dot4
<CMD> setLayerPreference M1RB -isVisible 1 -isSelectable 1 -color blue -stipple brick
<CMD> setLayerPreference M1ContRB -isVisible 1 -isSelectable 1 -color blue -stipple dot8_1
<CMD> setLayerPreference M1Vio -isVisible 1 -isSelectable 1 -color white -stipple solid
<CMD> setLayerPreference M1ContVio -isVisible 1 -isSelectable 1 -color white -stipple solid
<CMD> setLayerPreference M1Text -isVisible 1 -isSelectable 0 -color blue -stippleData 0 0 {}
<CMD> setLayerPreference M1EOL -isVisible 1 -isSelectable 1 -color blue -stippleData 8 8 {0x01 0x01 0x01 0x01 0x01 0xff 0x01 0x01}
<CMD> setLayerPreference M1Patch -isVisible 1 -isSelectable 1 -color blue -stippleData 8 8 {0x01 0x01 0x01 0x01 0x01 0xff 0x01 0x01}
<CMD> setLayerPreference M2 -isVisible 1 -isSelectable 1 -color red -stipple slash2
<CMD> setLayerPreference M2Hi -isVisible 1 -isSelectable 1 -color white -stipple slash2
<CMD> setLayerPreference M2Cont -isVisible 1 -isSelectable 1 -color red -stipple dot4
<CMD> setLayerPreference M2Track -isVisible 1 -isSelectable 1 -color red -stipple cross
<CMD> setLayerPreference M2Pin -isVisible 1 -isSelectable 1 -color red -stipple cross
<CMD> setLayerPreference M2ContPin -isVisible 1 -isSelectable 1 -color red -stipple dot4
<CMD> setLayerPreference M2RB -isVisible 1 -isSelectable 1 -color red -stipple brick
<CMD> setLayerPreference M2ContRB -isVisible 1 -isSelectable 1 -color red -stipple dot8_2
<CMD> setLayerPreference M2Vio -isVisible 1 -isSelectable 1 -color white -stipple solid
<CMD> setLayerPreference M2ContVio -isVisible 1 -isSelectable 1 -color white -stipple solid
<CMD> setLayerPreference M2Text -isVisible 1 -isSelectable 0 -color red -stippleData 0 0 {}
<CMD> setLayerPreference M2EOL -isVisible 1 -isSelectable 1 -color red -stippleData 8 8 {0x01 0x01 0x01 0x01 0x01 0xff 0x01 0x01}
<CMD> setLayerPreference M2Patch -isVisible 1 -isSelectable 1 -color red -stippleData 8 8 {0x01 0x01 0x01 0x01 0x01 0xff 0x01 0x01}
<CMD> setLayerPreference M3 -isVisible 1 -isSelectable 1 -color #00d000 -stipple backslash
<CMD> setLayerPreference M3Hi -isVisible 1 -isSelectable 1 -color white -stipple backslash
<CMD> setLayerPreference M3Cont -isVisible 1 -isSelectable 1 -color #00d000 -stipple dot4
<CMD> setLayerPreference M3Track -isVisible 1 -isSelectable 1 -color #00d000 -stipple cross
<CMD> setLayerPreference M3Pin -isVisible 1 -isSelectable 1 -color #00d000 -stipple cross
<CMD> setLayerPreference M3ContPin -isVisible 1 -isSelectable 1 -color #00d000 -stipple dot4
<CMD> setLayerPreference M3RB -isVisible 1 -isSelectable 1 -color #00d000 -stipple brick
<CMD> setLayerPreference M3ContRB -isVisible 1 -isSelectable 1 -color #00d000 -stipple dot8_1
<CMD> setLayerPreference M3Vio -isVisible 1 -isSelectable 1 -color white -stipple solid
<CMD> setLayerPreference M3ContVio -isVisible 1 -isSelectable 1 -color white -stipple solid
<CMD> setLayerPreference M3Text -isVisible 1 -isSelectable 0 -color #00d000 -stippleData 0 0 {}
<CMD> setLayerPreference M3EOL -isVisible 1 -isSelectable 1 -color #00d000 -stippleData 8 8 {0x01 0x01 0x01 0x01 0x01 0xff 0x01 0x01}
<CMD> setLayerPreference M3Patch -isVisible 1 -isSelectable 1 -color #00d000 -stippleData 8 8 {0x01 0x01 0x01 0x01 0x01 0xff 0x01 0x01}
<CMD> setLayerPreference M4 -isVisible 1 -isSelectable 1 -color #d0d000 -stipple slash
<CMD> setLayerPreference M4Hi -isVisible 1 -isSelectable 1 -color white -stipple slash
<CMD> setLayerPreference M4Cont -isVisible 1 -isSelectable 1 -color #d0d000 -stipple dot4
<CMD> setLayerPreference M4Track -isVisible 1 -isSelectable 1 -color #d0d000 -stipple cross
<CMD> setLayerPreference M4Pin -isVisible 1 -isSelectable 1 -color #d0d000 -stipple cross
<CMD> setLayerPreference M4ContPin -isVisible 1 -isSelectable 1 -color #d0d000 -stipple dot4
<CMD> setLayerPreference M4RB -isVisible 1 -isSelectable 1 -color #d0d000 -stipple brick
<CMD> setLayerPreference M4ContRB -isVisible 1 -isSelectable 1 -color #d0d000 -stipple dot8_2
<CMD> setLayerPreference M4Vio -isVisible 1 -isSelectable 1 -color white -stipple solid
<CMD> setLayerPreference M4ContVio -isVisible 1 -isSelectable 1 -color white -stipple solid
<CMD> setLayerPreference M4Text -isVisible 1 -isSelectable 0 -color #d0d000 -stippleData 0 0 {}
<CMD> setLayerPreference M4EOL -isVisible 1 -isSelectable 1 -color #d0d000 -stippleData 8 8 {0x01 0x01 0x01 0x01 0x01 0xff 0x01 0x01}
<CMD> setLayerPreference M4Patch -isVisible 1 -isSelectable 1 -color #d0d000 -stippleData 8 8 {0x01 0x01 0x01 0x01 0x01 0xff 0x01 0x01}
<CMD> setLayerPreference M5 -isVisible 1 -isSelectable 1 -color brown -stipple backslash
<CMD> setLayerPreference M5Hi -isVisible 1 -isSelectable 1 -color white -stipple backslash
<CMD> setLayerPreference M5Cont -isVisible 1 -isSelectable 1 -color brown -stipple dot4
<CMD> setLayerPreference M5Track -isVisible 1 -isSelectable 1 -color brown -stipple cross
<CMD> setLayerPreference M5Pin -isVisible 1 -isSelectable 1 -color brown -stipple cross
<CMD> setLayerPreference M5ContPin -isVisible 1 -isSelectable 1 -color brown -stipple dot4
<CMD> setLayerPreference M5RB -isVisible 1 -isSelectable 1 -color brown -stipple brick
<CMD> setLayerPreference M5ContRB -isVisible 1 -isSelectable 1 -color brown -stipple dot8_1
<CMD> setLayerPreference M5Vio -isVisible 1 -isSelectable 1 -color white -stipple solid
<CMD> setLayerPreference M5ContVio -isVisible 1 -isSelectable 1 -color white -stipple solid
<CMD> setLayerPreference M5Text -isVisible 1 -isSelectable 0 -color brown -stippleData 0 0 {}
<CMD> setLayerPreference M5EOL -isVisible 1 -isSelectable 1 -color brown -stippleData 8 8 {0x01 0x01 0x01 0x01 0x01 0xff 0x01 0x01}
<CMD> setLayerPreference M5Patch -isVisible 1 -isSelectable 1 -color brown -stippleData 8 8 {0x01 0x01 0x01 0x01 0x01 0xff 0x01 0x01}
<CMD> setLayerPreference M6 -isVisible 1 -isSelectable 1 -color orange -stipple slash
<CMD> setLayerPreference M6Hi -isVisible 1 -isSelectable 1 -color white -stipple slash
<CMD> setLayerPreference M6Cont -isVisible 1 -isSelectable 1 -color orange -stipple dot4
<CMD> setLayerPreference M6Track -isVisible 1 -isSelectable 1 -color orange -stipple cross
<CMD> setLayerPreference M6Pin -isVisible 1 -isSelectable 1 -color orange -stipple cross
<CMD> setLayerPreference M6ContPin -isVisible 1 -isSelectable 1 -color orange -stipple dot4
<CMD> setLayerPreference M6RB -isVisible 1 -isSelectable 1 -color orange -stipple brick
<CMD> setLayerPreference M6ContRB -isVisible 1 -isSelectable 1 -color orange -stipple dot8_2
<CMD> setLayerPreference M6Vio -isVisible 1 -isSelectable 1 -color white -stipple solid
<CMD> setLayerPreference M6ContVio -isVisible 1 -isSelectable 1 -color white -stipple solid
<CMD> setLayerPreference M6Text -isVisible 1 -isSelectable 0 -color orange -stippleData 0 0 {}
<CMD> setLayerPreference M6EOL -isVisible 1 -isSelectable 1 -color orange -stippleData 8 8 {0x01 0x01 0x01 0x01 0x01 0xff 0x01 0x01}
<CMD> setLayerPreference M6Patch -isVisible 1 -isSelectable 1 -color orange -stippleData 8 8 {0x01 0x01 0x01 0x01 0x01 0xff 0x01 0x01}
<CMD> setLayerPreference M7 -isVisible 1 -isSelectable 1 -color #d000d0 -stipple backslash
<CMD> setLayerPreference M7Hi -isVisible 1 -isSelectable 1 -color white -stipple backslash
<CMD> setLayerPreference M7Cont -isVisible 1 -isSelectable 1 -color #d000d0 -stipple dot4
<CMD> setLayerPreference M7Track -isVisible 1 -isSelectable 1 -color #d000d0 -stipple cross
<CMD> setLayerPreference M7Pin -isVisible 1 -isSelectable 1 -color #d000d0 -stipple cross
<CMD> setLayerPreference M7ContPin -isVisible 1 -isSelectable 1 -color #d000d0 -stipple dot4
<CMD> setLayerPreference M7RB -isVisible 1 -isSelectable 1 -color #d000d0 -stipple brick
<CMD> setLayerPreference M7ContRB -isVisible 1 -isSelectable 1 -color #d000d0 -stipple dot8_1
<CMD> setLayerPreference M7Vio -isVisible 1 -isSelectable 1 -color white -stipple solid
<CMD> setLayerPreference M7ContVio -isVisible 1 -isSelectable 1 -color white -stipple solid
<CMD> setLayerPreference M7Text -isVisible 1 -isSelectable 0 -color #d000d0 -stippleData 0 0 {}
<CMD> setLayerPreference M7EOL -isVisible 1 -isSelectable 1 -color #d000d0 -stippleData 8 8 {0x01 0x01 0x01 0x01 0x01 0xff 0x01 0x01}
<CMD> setLayerPreference M7Patch -isVisible 1 -isSelectable 1 -color #d000d0 -stippleData 8 8 {0x01 0x01 0x01 0x01 0x01 0xff 0x01 0x01}
<CMD> setLayerPreference M8 -isVisible 1 -isSelectable 1 -color #00d0d0 -stipple slash
<CMD> setLayerPreference M8Hi -isVisible 1 -isSelectable 1 -color white -stipple slash
<CMD> setLayerPreference M8Cont -isVisible 1 -isSelectable 1 -color #00d0d0 -stipple dot4
<CMD> setLayerPreference M8Track -isVisible 1 -isSelectable 1 -color #00d0d0 -stipple cross
<CMD> setLayerPreference M8Pin -isVisible 1 -isSelectable 1 -color #00d0d0 -stipple cross
<CMD> setLayerPreference M8ContPin -isVisible 1 -isSelectable 1 -color #00d0d0 -stipple dot4
<CMD> setLayerPreference M8RB -isVisible 1 -isSelectable 1 -color #00d0d0 -stipple brick
<CMD> setLayerPreference M8ContRB -isVisible 1 -isSelectable 1 -color #00d0d0 -stipple dot8_2
<CMD> setLayerPreference M8Vio -isVisible 1 -isSelectable 1 -color white -stipple solid
<CMD> setLayerPreference M8ContVio -isVisible 1 -isSelectable 1 -color white -stipple solid
<CMD> setLayerPreference M8Text -isVisible 1 -isSelectable 0 -color #00d0d0 -stippleData 0 0 {}
<CMD> setLayerPreference M8EOL -isVisible 1 -isSelectable 1 -color #00d0d0 -stippleData 8 8 {0x01 0x01 0x01 0x01 0x01 0xff 0x01 0x01}
<CMD> setLayerPreference M8Patch -isVisible 1 -isSelectable 1 -color #00d0d0 -stippleData 8 8 {0x01 0x01 0x01 0x01 0x01 0xff 0x01 0x01}
<CMD> setLayerPreference M9 -isVisible 1 -isSelectable 1 -color saddlebrown -stipple backslash
<CMD> setLayerPreference M9Hi -isVisible 1 -isSelectable 1 -color white -stipple backslash
<CMD> setLayerPreference M9Cont -isVisible 1 -isSelectable 1 -color saddlebrown -stipple dot4
<CMD> setLayerPreference M9Track -isVisible 1 -isSelectable 1 -color saddlebrown -stipple cross
<CMD> setLayerPreference M9Pin -isVisible 1 -isSelectable 1 -color saddlebrown -stipple cross
<CMD> setLayerPreference M9ContPin -isVisible 1 -isSelectable 1 -color saddlebrown -stipple dot4
<CMD> setLayerPreference M9RB -isVisible 1 -isSelectable 1 -color saddlebrown -stipple brick
<CMD> setLayerPreference M9ContRB -isVisible 1 -isSelectable 1 -color saddlebrown -stipple dot8_1
<CMD> setLayerPreference M9Vio -isVisible 1 -isSelectable 1 -color white -stipple solid
<CMD> setLayerPreference M9ContVio -isVisible 1 -isSelectable 1 -color white -stipple solid
<CMD> setLayerPreference M9Text -isVisible 1 -isSelectable 0 -color saddlebrown -stippleData 0 0 {}
<CMD> setLayerPreference M9EOL -isVisible 1 -isSelectable 1 -color saddlebrown -stippleData 8 8 {0x01 0x01 0x01 0x01 0x01 0xff 0x01 0x01}
<CMD> setLayerPreference M9Patch -isVisible 1 -isSelectable 1 -color saddlebrown -stippleData 8 8 {0x01 0x01 0x01 0x01 0x01 0xff 0x01 0x01}
<CMD> setLayerPreference M10 -isVisible 1 -isSelectable 1 -color yellow -stipple slash
<CMD> setLayerPreference M10Hi -isVisible 1 -isSelectable 1 -color white -stipple slash
<CMD> setLayerPreference M10Cont -isVisible 1 -isSelectable 1 -color yellow -stipple dot4
<CMD> setLayerPreference M10Track -isVisible 1 -isSelectable 1 -color yellow -stipple cross
<CMD> setLayerPreference M10Pin -isVisible 1 -isSelectable 1 -color yellow -stipple cross
<CMD> setLayerPreference M10ContPin -isVisible 1 -isSelectable 1 -color yellow -stipple dot4
<CMD> setLayerPreference M10RB -isVisible 1 -isSelectable 1 -color yellow -stipple brick
<CMD> setLayerPreference M10ContRB -isVisible 1 -isSelectable 1 -color yellow -stipple dot8_2
<CMD> setLayerPreference M10Vio -isVisible 1 -isSelectable 1 -color white -stipple solid
<CMD> setLayerPreference M10ContVio -isVisible 1 -isSelectable 1 -color white -stipple solid
<CMD> setLayerPreference M10Text -isVisible 1 -isSelectable 0 -color yellow -stippleData 0 0 {}
<CMD> setLayerPreference M10EOL -isVisible 1 -isSelectable 1 -color yellow -stippleData 8 8 {0x01 0x01 0x01 0x01 0x01 0xff 0x01 0x01}
<CMD> setLayerPreference M10Patch -isVisible 1 -isSelectable 1 -color yellow -stippleData 8 8 {0x01 0x01 0x01 0x01 0x01 0xff 0x01 0x01}
<CMD> setLayerPreference M11 -isVisible 1 -isSelectable 1 -color green -stipple backslash
<CMD> setLayerPreference M11Hi -isVisible 1 -isSelectable 1 -color white -stipple backslash
<CMD> setLayerPreference M11Cont -isVisible 1 -isSelectable 1 -color green -stipple dot4
<CMD> setLayerPreference M11Track -isVisible 1 -isSelectable 1 -color green -stipple cross
<CMD> setLayerPreference M11Pin -isVisible 1 -isSelectable 1 -color green -stipple cross
<CMD> setLayerPreference M11ContPin -isVisible 1 -isSelectable 1 -color green -stipple dot4
<CMD> setLayerPreference M11RB -isVisible 1 -isSelectable 1 -color green -stipple brick
<CMD> setLayerPreference M11ContRB -isVisible 1 -isSelectable 1 -color green -stipple dot8_2
<CMD> setLayerPreference M11Vio -isVisible 1 -isSelectable 1 -color white -stipple solid
<CMD> setLayerPreference M11ContVio -isVisible 1 -isSelectable 1 -color white -stipple solid
<CMD> setLayerPreference M11Text -isVisible 1 -isSelectable 0 -color green -stippleData 0 0 {}
<CMD> setLayerPreference M11EOL -isVisible 1 -isSelectable 1 -color green -stippleData 8 8 {0x01 0x01 0x01 0x01 0x01 0xff 0x01 0x01}
<CMD> setLayerPreference M11Patch -isVisible 1 -isSelectable 1 -color green -stippleData 8 8 {0x01 0x01 0x01 0x01 0x01 0xff 0x01 0x01}
<CMD> setLayerPreference M12 -isVisible 1 -isSelectable 1 -color magenta -stipple slash
<CMD> setLayerPreference M12Hi -isVisible 1 -isSelectable 1 -color white -stipple slash
<CMD> setLayerPreference M12Cont -isVisible 1 -isSelectable 1 -color magenta -stipple dot4
<CMD> setLayerPreference M12Track -isVisible 1 -isSelectable 1 -color magenta -stipple cross
<CMD> setLayerPreference M12Pin -isVisible 1 -isSelectable 1 -color magenta -stipple cross
<CMD> setLayerPreference M12ContPin -isVisible 1 -isSelectable 1 -color magenta -stipple dot4
<CMD> setLayerPreference M12RB -isVisible 1 -isSelectable 1 -color magenta -stipple brick
<CMD> setLayerPreference M12ContRB -isVisible 1 -isSelectable 1 -color magenta -stipple dot8_2
<CMD> setLayerPreference M12Vio -isVisible 1 -isSelectable 1 -color white -stipple solid
<CMD> setLayerPreference M12ContVio -isVisible 1 -isSelectable 1 -color white -stipple solid
<CMD> setLayerPreference M12Text -isVisible 1 -isSelectable 0 -color magenta -stippleData 0 0 {}
<CMD> setLayerPreference M12EOL -isVisible 1 -isSelectable 1 -color magenta -stippleData 8 8 {0x01 0x01 0x01 0x01 0x01 0xff 0x01 0x01}
<CMD> setLayerPreference M12Patch -isVisible 1 -isSelectable 1 -color magenta -stippleData 8 8 {0x01 0x01 0x01 0x01 0x01 0xff 0x01 0x01}
<CMD> setLayerPreference M13 -isVisible 1 -isSelectable 1 -color pink -stipple slash
<CMD> setLayerPreference M13Hi -isVisible 1 -isSelectable 1 -color white -stipple slash
<CMD> setLayerPreference M13Cont -isVisible 1 -isSelectable 1 -color pink -stipple dot4
<CMD> setLayerPreference M13Track -isVisible 1 -isSelectable 1 -color pink -stipple cross
<CMD> setLayerPreference M13Pin -isVisible 1 -isSelectable 1 -color pink -stipple cross
<CMD> setLayerPreference M13ContPin -isVisible 1 -isSelectable 1 -color pink -stipple dot4
<CMD> setLayerPreference M13RB -isVisible 1 -isSelectable 1 -color pink -stipple brick
<CMD> setLayerPreference M13ContRB -isVisible 1 -isSelectable 1 -color pink -stipple dot8_2
<CMD> setLayerPreference M13Vio -isVisible 1 -isSelectable 1 -color white -stipple solid
<CMD> setLayerPreference M13ContVio -isVisible 1 -isSelectable 1 -color white -stipple solid
<CMD> setLayerPreference M13Text -isVisible 1 -isSelectable 0 -color pink -stippleData 0 0 {}
<CMD> setLayerPreference M13EOL -isVisible 1 -isSelectable 1 -color pink -stippleData 8 8 {0x01 0x01 0x01 0x01 0x01 0xff 0x01 0x01}
<CMD> setLayerPreference M13Patch -isVisible 1 -isSelectable 1 -color pink -stippleData 8 8 {0x01 0x01 0x01 0x01 0x01 0xff 0x01 0x01}
<CMD> setLayerPreference M14 -isVisible 1 -isSelectable 1 -color cyan -stipple slash
<CMD> setLayerPreference M14Hi -isVisible 1 -isSelectable 1 -color white -stipple slash
<CMD> setLayerPreference M14Cont -isVisible 1 -isSelectable 1 -color cyan -stipple dot4
<CMD> setLayerPreference M14Track -isVisible 1 -isSelectable 1 -color cyan -stipple cross
<CMD> setLayerPreference M14Pin -isVisible 1 -isSelectable 1 -color cyan -stipple cross
<CMD> setLayerPreference M14ContPin -isVisible 1 -isSelectable 1 -color cyan -stipple dot4
<CMD> setLayerPreference M14RB -isVisible 1 -isSelectable 1 -color cyan -stipple brick
<CMD> setLayerPreference M14ContRB -isVisible 1 -isSelectable 1 -color cyan -stipple dot8_2
<CMD> setLayerPreference M14Vio -isVisible 1 -isSelectable 1 -color white -stipple solid
<CMD> setLayerPreference M14ContVio -isVisible 1 -isSelectable 1 -color white -stipple solid
<CMD> setLayerPreference M14Text -isVisible 1 -isSelectable 0 -color cyan -stippleData 0 0 {}
<CMD> setLayerPreference M14EOL -isVisible 1 -isSelectable 1 -color cyan -stippleData 8 8 {0x01 0x01 0x01 0x01 0x01 0xff 0x01 0x01}
<CMD> setLayerPreference M14Patch -isVisible 1 -isSelectable 1 -color cyan -stippleData 8 8 {0x01 0x01 0x01 0x01 0x01 0xff 0x01 0x01}
<CMD> setLayerPreference M15 -isVisible 1 -isSelectable 1 -color purple -stipple slash
<CMD> setLayerPreference M15Hi -isVisible 1 -isSelectable 1 -color white -stipple slash
<CMD> setLayerPreference M15Cont -isVisible 1 -isSelectable 1 -color purple -stipple dot4
<CMD> setLayerPreference M15Track -isVisible 1 -isSelectable 1 -color purple -stipple cross
<CMD> setLayerPreference M15Pin -isVisible 1 -isSelectable 1 -color purple -stipple cross
<CMD> setLayerPreference M15ContPin -isVisible 1 -isSelectable 1 -color purple -stipple dot4
<CMD> setLayerPreference M15RB -isVisible 1 -isSelectable 1 -color purple -stipple brick
<CMD> setLayerPreference M15ContRB -isVisible 1 -isSelectable 1 -color purple -stipple dot8_2
<CMD> setLayerPreference M15Vio -isVisible 1 -isSelectable 1 -color white -stipple solid
<CMD> setLayerPreference M15ContVio -isVisible 1 -isSelectable 1 -color white -stipple solid
<CMD> setLayerPreference M15Text -isVisible 1 -isSelectable 0 -color purple -stippleData 0 0 {}
<CMD> setLayerPreference M15EOL -isVisible 1 -isSelectable 1 -color purple -stippleData 8 8 {0x01 0x01 0x01 0x01 0x01 0xff 0x01 0x01}
<CMD> setLayerPreference M15Patch -isVisible 1 -isSelectable 1 -color purple -stippleData 8 8 {0x01 0x01 0x01 0x01 0x01 0xff 0x01 0x01}
<CMD> setLayerPreference M16 -isVisible 1 -isSelectable 1 -color olive -stipple slash
<CMD> setLayerPreference M16Hi -isVisible 1 -isSelectable 1 -color white -stipple slash
<CMD> setLayerPreference M16Cont -isVisible 1 -isSelectable 1 -color olive -stipple dot4
<CMD> setLayerPreference M16Track -isVisible 1 -isSelectable 1 -color olive -stipple cross
<CMD> setLayerPreference M16Pin -isVisible 1 -isSelectable 1 -color olive -stipple cross
<CMD> setLayerPreference M16ContPin -isVisible 1 -isSelectable 1 -color olive -stipple dot4
<CMD> setLayerPreference M16RB -isVisible 1 -isSelectable 1 -color olive -stipple brick
<CMD> setLayerPreference M16ContRB -isVisible 1 -isSelectable 1 -color olive -stipple dot8_2
<CMD> setLayerPreference M16Vio -isVisible 1 -isSelectable 1 -color white -stipple solid
<CMD> setLayerPreference M16ContVio -isVisible 1 -isSelectable 1 -color white -stipple solid
<CMD> setLayerPreference M16Text -isVisible 1 -isSelectable 0 -color olive -stippleData 0 0 {}
<CMD> setLayerPreference M16EOL -isVisible 1 -isSelectable 1 -color olive -stippleData 8 8 {0x01 0x01 0x01 0x01 0x01 0xff 0x01 0x01}
<CMD> setLayerPreference M16Patch -isVisible 1 -isSelectable 1 -color olive -stippleData 8 8 {0x01 0x01 0x01 0x01 0x01 0xff 0x01 0x01}
<CMD> setLayerPreference M17 -isVisible 1 -isSelectable 1 -color chocolate -stipple slash
<CMD> setLayerPreference M17Hi -isVisible 1 -isSelectable 1 -color white -stipple slash
<CMD> setLayerPreference M17Cont -isVisible 1 -isSelectable 1 -color chocolate -stipple dot4
<CMD> setLayerPreference M17Track -isVisible 1 -isSelectable 1 -color chocolate -stipple cross
<CMD> setLayerPreference M17Pin -isVisible 1 -isSelectable 1 -color chocolate -stipple cross
<CMD> setLayerPreference M17ContPin -isVisible 1 -isSelectable 1 -color chocolate -stipple dot4
<CMD> setLayerPreference M17RB -isVisible 1 -isSelectable 1 -color chocolate -stipple brick
<CMD> setLayerPreference M17ContRB -isVisible 1 -isSelectable 1 -color chocolate -stipple dot8_2
<CMD> setLayerPreference M17Vio -isVisible 1 -isSelectable 1 -color white -stipple solid
<CMD> setLayerPreference M17ContVio -isVisible 1 -isSelectable 1 -color white -stipple solid
<CMD> setLayerPreference M17Text -isVisible 1 -isSelectable 0 -color chocolate -stippleData 0 0 {}
<CMD> setLayerPreference M17EOL -isVisible 1 -isSelectable 1 -color chocolate -stippleData 8 8 {0x01 0x01 0x01 0x01 0x01 0xff 0x01 0x01}
<CMD> setLayerPreference M17Patch -isVisible 1 -isSelectable 1 -color chocolate -stippleData 8 8 {0x01 0x01 0x01 0x01 0x01 0xff 0x01 0x01}
<CMD> setLayerPreference M18 -isVisible 1 -isSelectable 1 -color deepskyblue -stipple slash
<CMD> setLayerPreference M18Hi -isVisible 1 -isSelectable 1 -color white -stipple slash
<CMD> setLayerPreference M18Cont -isVisible 1 -isSelectable 1 -color deepskyblue -stipple dot4
<CMD> setLayerPreference M18Track -isVisible 1 -isSelectable 1 -color deepskyblue -stipple cross
<CMD> setLayerPreference M18Pin -isVisible 1 -isSelectable 1 -color deepskyblue -stipple cross
<CMD> setLayerPreference M18ContPin -isVisible 1 -isSelectable 1 -color deepskyblue -stipple dot4
<CMD> setLayerPreference M18RB -isVisible 1 -isSelectable 1 -color deepskyblue -stipple brick
<CMD> setLayerPreference M18ContRB -isVisible 1 -isSelectable 1 -color deepskyblue -stipple dot8_2
<CMD> setLayerPreference M18Vio -isVisible 1 -isSelectable 1 -color white -stipple solid
<CMD> setLayerPreference M18ContVio -isVisible 1 -isSelectable 1 -color white -stipple solid
<CMD> setLayerPreference M18Text -isVisible 1 -isSelectable 0 -color deepskyblue -stippleData 0 0 {}
<CMD> setLayerPreference M18EOL -isVisible 1 -isSelectable 1 -color deepskyblue -stippleData 8 8 {0x01 0x01 0x01 0x01 0x01 0xff 0x01 0x01}
<CMD> setLayerPreference M18Patch -isVisible 1 -isSelectable 1 -color deepskyblue -stippleData 8 8 {0x01 0x01 0x01 0x01 0x01 0xff 0x01 0x01}
<CMD> setLayerPreference M19 -isVisible 1 -isSelectable 1 -color maroon -stipple slash
<CMD> setLayerPreference M19Hi -isVisible 1 -isSelectable 1 -color white -stipple slash
<CMD> setLayerPreference M19Cont -isVisible 1 -isSelectable 1 -color maroon -stipple dot4
<CMD> setLayerPreference M19Track -isVisible 1 -isSelectable 1 -color maroon -stipple cross
<CMD> setLayerPreference M19Pin -isVisible 1 -isSelectable 1 -color maroon -stipple cross
<CMD> setLayerPreference M19ContPin -isVisible 1 -isSelectable 1 -color maroon -stipple dot4
<CMD> setLayerPreference M19RB -isVisible 1 -isSelectable 1 -color maroon -stipple brick
<CMD> setLayerPreference M19ContRB -isVisible 1 -isSelectable 1 -color maroon -stipple dot8_2
<CMD> setLayerPreference M19Vio -isVisible 1 -isSelectable 1 -color white -stipple solid
<CMD> setLayerPreference M19ContVio -isVisible 1 -isSelectable 1 -color white -stipple solid
<CMD> setLayerPreference M19Text -isVisible 1 -isSelectable 0 -color maroon -stippleData 0 0 {}
<CMD> setLayerPreference M19EOL -isVisible 1 -isSelectable 1 -color maroon -stippleData 8 8 {0x01 0x01 0x01 0x01 0x01 0xff 0x01 0x01}
<CMD> setLayerPreference M19Patch -isVisible 1 -isSelectable 1 -color maroon -stippleData 8 8 {0x01 0x01 0x01 0x01 0x01 0xff 0x01 0x01}
<CMD> setLayerPreference M20 -isVisible 1 -isSelectable 1 -color salmon -stipple slash
<CMD> setLayerPreference M20Hi -isVisible 1 -isSelectable 1 -color white -stipple slash
<CMD> setLayerPreference M20Cont -isVisible 1 -isSelectable 1 -color salmon -stipple dot4
<CMD> setLayerPreference M20Track -isVisible 1 -isSelectable 1 -color salmon -stipple cross
<CMD> setLayerPreference M20Pin -isVisible 1 -isSelectable 1 -color salmon -stipple cross
<CMD> setLayerPreference M20ContPin -isVisible 1 -isSelectable 1 -color salmon -stipple dot4
<CMD> setLayerPreference M20RB -isVisible 1 -isSelectable 1 -color salmon -stipple brick
<CMD> setLayerPreference M20ContRB -isVisible 1 -isSelectable 1 -color salmon -stipple dot8_2
<CMD> setLayerPreference M20Vio -isVisible 1 -isSelectable 1 -color white -stipple solid
<CMD> setLayerPreference M20ContVio -isVisible 1 -isSelectable 1 -color white -stipple solid
<CMD> setLayerPreference M20Text -isVisible 1 -isSelectable 0 -color salmon -stippleData 0 0 {}
<CMD> setLayerPreference M20EOL -isVisible 1 -isSelectable 1 -color salmon -stippleData 8 8 {0x01 0x01 0x01 0x01 0x01 0xff 0x01 0x01}
<CMD> setLayerPreference M20Patch -isVisible 1 -isSelectable 1 -color salmon -stippleData 8 8 {0x01 0x01 0x01 0x01 0x01 0xff 0x01 0x01}
<CMD> setLayerPreference M21 -isVisible 1 -isSelectable 1 -color violet -stipple slash
<CMD> setLayerPreference M21Hi -isVisible 1 -isSelectable 1 -color white -stipple slash
<CMD> setLayerPreference M21Cont -isVisible 1 -isSelectable 1 -color violet -stipple dot4
<CMD> setLayerPreference M21Track -isVisible 1 -isSelectable 1 -color violet -stipple cross
<CMD> setLayerPreference M21Pin -isVisible 1 -isSelectable 1 -color violet -stipple cross
<CMD> setLayerPreference M21ContPin -isVisible 1 -isSelectable 1 -color violet -stipple dot4
<CMD> setLayerPreference M21RB -isVisible 1 -isSelectable 1 -color violet -stipple brick
<CMD> setLayerPreference M21ContRB -isVisible 1 -isSelectable 1 -color violet -stipple dot8_2
<CMD> setLayerPreference M21Vio -isVisible 1 -isSelectable 1 -color white -stipple solid
<CMD> setLayerPreference M21ContVio -isVisible 1 -isSelectable 1 -color white -stipple solid
<CMD> setLayerPreference M21Text -isVisible 1 -isSelectable 0 -color violet -stippleData 0 0 {}
<CMD> setLayerPreference M21EOL -isVisible 1 -isSelectable 1 -color violet -stippleData 8 8 {0x01 0x01 0x01 0x01 0x01 0xff 0x01 0x01}
<CMD> setLayerPreference M21Patch -isVisible 1 -isSelectable 1 -color violet -stippleData 8 8 {0x01 0x01 0x01 0x01 0x01 0xff 0x01 0x01}
<CMD> setLayerPreference M22 -isVisible 1 -isSelectable 1 -color royalblue -stipple slash
<CMD> setLayerPreference M22Hi -isVisible 1 -isSelectable 1 -color white -stipple slash
<CMD> setLayerPreference M22Cont -isVisible 1 -isSelectable 1 -color royalblue -stipple dot4
<CMD> setLayerPreference M22Track -isVisible 1 -isSelectable 1 -color royalblue -stipple cross
<CMD> setLayerPreference M22Pin -isVisible 1 -isSelectable 1 -color royalblue -stipple cross
<CMD> setLayerPreference M22ContPin -isVisible 1 -isSelectable 1 -color royalblue -stipple dot4
<CMD> setLayerPreference M22RB -isVisible 1 -isSelectable 1 -color royalblue -stipple brick
<CMD> setLayerPreference M22ContRB -isVisible 1 -isSelectable 1 -color royalblue -stipple dot8_2
<CMD> setLayerPreference M22Vio -isVisible 1 -isSelectable 1 -color white -stipple solid
<CMD> setLayerPreference M22ContVio -isVisible 1 -isSelectable 1 -color white -stipple solid
<CMD> setLayerPreference M22Text -isVisible 1 -isSelectable 0 -color royalblue -stippleData 0 0 {}
<CMD> setLayerPreference M22EOL -isVisible 1 -isSelectable 1 -color royalblue -stippleData 8 8 {0x01 0x01 0x01 0x01 0x01 0xff 0x01 0x01}
<CMD> setLayerPreference M22Patch -isVisible 1 -isSelectable 1 -color royalblue -stippleData 8 8 {0x01 0x01 0x01 0x01 0x01 0xff 0x01 0x01}
<CMD> setLayerPreference M23 -isVisible 1 -isSelectable 1 -color darkgreen -stipple slash
<CMD> setLayerPreference M23Hi -isVisible 1 -isSelectable 1 -color white -stipple slash
<CMD> setLayerPreference M23Cont -isVisible 1 -isSelectable 1 -color darkgreen -stipple dot4
<CMD> setLayerPreference M23Track -isVisible 1 -isSelectable 1 -color darkgreen -stipple cross
<CMD> setLayerPreference M23Pin -isVisible 1 -isSelectable 1 -color darkgreen -stipple cross
<CMD> setLayerPreference M23ContPin -isVisible 1 -isSelectable 1 -color darkgreen -stipple dot4
<CMD> setLayerPreference M23RB -isVisible 1 -isSelectable 1 -color darkgreen -stipple brick
<CMD> setLayerPreference M23ContRB -isVisible 1 -isSelectable 1 -color darkgreen -stipple dot8_2
<CMD> setLayerPreference M23Vio -isVisible 1 -isSelectable 1 -color white -stipple solid
<CMD> setLayerPreference M23ContVio -isVisible 1 -isSelectable 1 -color white -stipple solid
<CMD> setLayerPreference M23Text -isVisible 1 -isSelectable 0 -color darkgreen -stippleData 0 0 {}
<CMD> setLayerPreference M23EOL -isVisible 1 -isSelectable 1 -color darkgreen -stippleData 8 8 {0x01 0x01 0x01 0x01 0x01 0xff 0x01 0x01}
<CMD> setLayerPreference M23Patch -isVisible 1 -isSelectable 1 -color darkgreen -stippleData 8 8 {0x01 0x01 0x01 0x01 0x01 0xff 0x01 0x01}
<CMD> setLayerPreference M24 -isVisible 1 -isSelectable 1 -color tomato -stipple slash
<CMD> setLayerPreference M24Hi -isVisible 1 -isSelectable 1 -color white -stipple slash
<CMD> setLayerPreference M24Cont -isVisible 1 -isSelectable 1 -color tomato -stipple dot4
<CMD> setLayerPreference M24Track -isVisible 1 -isSelectable 1 -color tomato -stipple cross
<CMD> setLayerPreference M24Pin -isVisible 1 -isSelectable 1 -color tomato -stipple cross
<CMD> setLayerPreference M24ContPin -isVisible 1 -isSelectable 1 -color tomato -stipple dot4
<CMD> setLayerPreference M24RB -isVisible 1 -isSelectable 1 -color tomato -stipple brick
<CMD> setLayerPreference M24ContRB -isVisible 1 -isSelectable 1 -color tomato -stipple dot8_2
<CMD> setLayerPreference M24Vio -isVisible 1 -isSelectable 1 -color white -stipple solid
<CMD> setLayerPreference M24ContVio -isVisible 1 -isSelectable 1 -color white -stipple solid
<CMD> setLayerPreference M24Text -isVisible 1 -isSelectable 0 -color tomato -stippleData 0 0 {}
<CMD> setLayerPreference M24EOL -isVisible 1 -isSelectable 1 -color tomato -stippleData 8 8 {0x01 0x01 0x01 0x01 0x01 0xff 0x01 0x01}
<CMD> setLayerPreference M24Patch -isVisible 1 -isSelectable 1 -color tomato -stippleData 8 8 {0x01 0x01 0x01 0x01 0x01 0xff 0x01 0x01}
<CMD> setLayerPreference M25 -isVisible 1 -isSelectable 1 -color chartreuse -stipple slash
<CMD> setLayerPreference M25Hi -isVisible 1 -isSelectable 1 -color white -stipple slash
<CMD> setLayerPreference M25Cont -isVisible 1 -isSelectable 1 -color chartreuse -stipple dot4
<CMD> setLayerPreference M25Track -isVisible 1 -isSelectable 1 -color chartreuse -stipple cross
<CMD> setLayerPreference M25Pin -isVisible 1 -isSelectable 1 -color chartreuse -stipple cross
<CMD> setLayerPreference M25ContPin -isVisible 1 -isSelectable 1 -color chartreuse -stipple dot4
<CMD> setLayerPreference M25RB -isVisible 1 -isSelectable 1 -color chartreuse -stipple brick
<CMD> setLayerPreference M25ContRB -isVisible 1 -isSelectable 1 -color chartreuse -stipple dot8_2
<CMD> setLayerPreference M25Vio -isVisible 1 -isSelectable 1 -color white -stipple solid
<CMD> setLayerPreference M25ContVio -isVisible 1 -isSelectable 1 -color white -stipple solid
<CMD> setLayerPreference M25Text -isVisible 1 -isSelectable 0 -color chartreuse -stippleData 0 0 {}
<CMD> setLayerPreference M25EOL -isVisible 1 -isSelectable 1 -color chartreuse -stippleData 8 8 {0x01 0x01 0x01 0x01 0x01 0xff 0x01 0x01}
<CMD> setLayerPreference M25Patch -isVisible 1 -isSelectable 1 -color chartreuse -stippleData 8 8 {0x01 0x01 0x01 0x01 0x01 0xff 0x01 0x01}
<CMD> setLayerPreference M26 -isVisible 1 -isSelectable 1 -color wheat -stipple slash
<CMD> setLayerPreference M26Hi -isVisible 1 -isSelectable 1 -color white -stipple slash
<CMD> setLayerPreference M26Cont -isVisible 1 -isSelectable 1 -color wheat -stipple dot4
<CMD> setLayerPreference M26Track -isVisible 1 -isSelectable 1 -color wheat -stipple cross
<CMD> setLayerPreference M26Pin -isVisible 1 -isSelectable 1 -color wheat -stipple cross
<CMD> setLayerPreference M26ContPin -isVisible 1 -isSelectable 1 -color wheat -stipple dot4
<CMD> setLayerPreference M26RB -isVisible 1 -isSelectable 1 -color wheat -stipple brick
<CMD> setLayerPreference M26ContRB -isVisible 1 -isSelectable 1 -color wheat -stipple dot8_2
<CMD> setLayerPreference M26Vio -isVisible 1 -isSelectable 1 -color white -stipple solid
<CMD> setLayerPreference M26ContVio -isVisible 1 -isSelectable 1 -color white -stipple solid
<CMD> setLayerPreference M26Text -isVisible 1 -isSelectable 0 -color wheat -stippleData 0 0 {}
<CMD> setLayerPreference M26EOL -isVisible 1 -isSelectable 1 -color wheat -stippleData 8 8 {0x01 0x01 0x01 0x01 0x01 0xff 0x01 0x01}
<CMD> setLayerPreference M26Patch -isVisible 1 -isSelectable 1 -color wheat -stippleData 8 8 {0x01 0x01 0x01 0x01 0x01 0xff 0x01 0x01}
<CMD> setLayerPreference M27 -isVisible 1 -isSelectable 1 -color darkred -stipple slash
<CMD> setLayerPreference M27Hi -isVisible 1 -isSelectable 1 -color white -stipple slash
<CMD> setLayerPreference M27Cont -isVisible 1 -isSelectable 1 -color darkred -stipple dot4
<CMD> setLayerPreference M27Track -isVisible 1 -isSelectable 1 -color darkred -stipple cross
<CMD> setLayerPreference M27Pin -isVisible 1 -isSelectable 1 -color darkred -stipple cross
<CMD> setLayerPreference M27ContPin -isVisible 1 -isSelectable 1 -color darkred -stipple dot4
<CMD> setLayerPreference M27RB -isVisible 1 -isSelectable 1 -color darkred -stipple brick
<CMD> setLayerPreference M27ContRB -isVisible 1 -isSelectable 1 -color darkred -stipple dot8_2
<CMD> setLayerPreference M27Vio -isVisible 1 -isSelectable 1 -color white -stipple solid
<CMD> setLayerPreference M27ContVio -isVisible 1 -isSelectable 1 -color white -stipple solid
<CMD> setLayerPreference M27Text -isVisible 1 -isSelectable 0 -color darkred -stippleData 0 0 {}
<CMD> setLayerPreference M27EOL -isVisible 1 -isSelectable 1 -color darkred -stippleData 8 8 {0x01 0x01 0x01 0x01 0x01 0xff 0x01 0x01}
<CMD> setLayerPreference M27Patch -isVisible 1 -isSelectable 1 -color darkred -stippleData 8 8 {0x01 0x01 0x01 0x01 0x01 0xff 0x01 0x01}
<CMD> setLayerPreference M28 -isVisible 1 -isSelectable 1 -color plum -stipple slash
<CMD> setLayerPreference M28Hi -isVisible 1 -isSelectable 1 -color white -stipple slash
<CMD> setLayerPreference M28Cont -isVisible 1 -isSelectable 1 -color plum -stipple dot4
<CMD> setLayerPreference M28Track -isVisible 1 -isSelectable 1 -color plum -stipple cross
<CMD> setLayerPreference M28Pin -isVisible 1 -isSelectable 1 -color plum -stipple cross
<CMD> setLayerPreference M28ContPin -isVisible 1 -isSelectable 1 -color plum -stipple dot4
<CMD> setLayerPreference M28RB -isVisible 1 -isSelectable 1 -color plum -stipple brick
<CMD> setLayerPreference M28ContRB -isVisible 1 -isSelectable 1 -color plum -stipple dot8_2
<CMD> setLayerPreference M28Vio -isVisible 1 -isSelectable 1 -color white -stipple solid
<CMD> setLayerPreference M28ContVio -isVisible 1 -isSelectable 1 -color white -stipple solid
<CMD> setLayerPreference M28Text -isVisible 1 -isSelectable 0 -color plum -stippleData 0 0 {}
<CMD> setLayerPreference M28EOL -isVisible 1 -isSelectable 1 -color plum -stippleData 8 8 {0x01 0x01 0x01 0x01 0x01 0xff 0x01 0x01}
<CMD> setLayerPreference M28Patch -isVisible 1 -isSelectable 1 -color plum -stippleData 8 8 {0x01 0x01 0x01 0x01 0x01 0xff 0x01 0x01}
<CMD> setLayerPreference M29 -isVisible 1 -isSelectable 1 -color teal -stipple slash
<CMD> setLayerPreference M29Hi -isVisible 1 -isSelectable 1 -color white -stipple slash
<CMD> setLayerPreference M29Cont -isVisible 1 -isSelectable 1 -color teal -stipple dot4
<CMD> setLayerPreference M29Track -isVisible 1 -isSelectable 1 -color teal -stipple cross
<CMD> setLayerPreference M29Pin -isVisible 1 -isSelectable 1 -color teal -stipple cross
<CMD> setLayerPreference M29ContPin -isVisible 1 -isSelectable 1 -color teal -stipple dot4
<CMD> setLayerPreference M29RB -isVisible 1 -isSelectable 1 -color teal -stipple brick
<CMD> setLayerPreference M29ContRB -isVisible 1 -isSelectable 1 -color teal -stipple dot8_2
<CMD> setLayerPreference M29Vio -isVisible 1 -isSelectable 1 -color white -stipple solid
<CMD> setLayerPreference M29ContVio -isVisible 1 -isSelectable 1 -color white -stipple solid
<CMD> setLayerPreference M29Text -isVisible 1 -isSelectable 0 -color teal -stippleData 0 0 {}
<CMD> setLayerPreference M29EOL -isVisible 1 -isSelectable 1 -color teal -stippleData 8 8 {0x01 0x01 0x01 0x01 0x01 0xff 0x01 0x01}
<CMD> setLayerPreference M29Patch -isVisible 1 -isSelectable 1 -color teal -stippleData 8 8 {0x01 0x01 0x01 0x01 0x01 0xff 0x01 0x01}
<CMD> setLayerPreference M30 -isVisible 1 -isSelectable 1 -color lime -stipple slash
<CMD> setLayerPreference M30Hi -isVisible 1 -isSelectable 1 -color white -stipple slash
<CMD> setLayerPreference M30Cont -isVisible 1 -isSelectable 1 -color lime -stipple dot4
<CMD> setLayerPreference M30Track -isVisible 1 -isSelectable 1 -color lime -stipple cross
<CMD> setLayerPreference M30Pin -isVisible 1 -isSelectable 1 -color lime -stipple cross
<CMD> setLayerPreference M30ContPin -isVisible 1 -isSelectable 1 -color lime -stipple dot4
<CMD> setLayerPreference M30RB -isVisible 1 -isSelectable 1 -color lime -stipple brick
<CMD> setLayerPreference M30ContRB -isVisible 1 -isSelectable 1 -color lime -stipple dot8_2
<CMD> setLayerPreference M30Vio -isVisible 1 -isSelectable 1 -color white -stipple solid
<CMD> setLayerPreference M30ContVio -isVisible 1 -isSelectable 1 -color white -stipple solid
<CMD> setLayerPreference M30Text -isVisible 1 -isSelectable 0 -color lime -stippleData 0 0 {}
<CMD> setLayerPreference M30EOL -isVisible 1 -isSelectable 1 -color lime -stippleData 8 8 {0x01 0x01 0x01 0x01 0x01 0xff 0x01 0x01}
<CMD> setLayerPreference M30Patch -isVisible 1 -isSelectable 1 -color lime -stippleData 8 8 {0x01 0x01 0x01 0x01 0x01 0xff 0x01 0x01}
<CMD> setLayerPreference M31 -isVisible 1 -isSelectable 1 -color navy -stipple slash
<CMD> setLayerPreference M31Hi -isVisible 1 -isSelectable 1 -color white -stipple slash
<CMD> setLayerPreference M31Cont -isVisible 1 -isSelectable 1 -color navy -stipple dot4
<CMD> setLayerPreference M31Track -isVisible 1 -isSelectable 1 -color navy -stipple cross
<CMD> setLayerPreference M31Pin -isVisible 1 -isSelectable 1 -color navy -stipple cross
<CMD> setLayerPreference M31ContPin -isVisible 1 -isSelectable 1 -color navy -stipple dot4
<CMD> setLayerPreference M31RB -isVisible 1 -isSelectable 1 -color navy -stipple brick
<CMD> setLayerPreference M31ContRB -isVisible 1 -isSelectable 1 -color navy -stipple dot8_2
<CMD> setLayerPreference M31Vio -isVisible 1 -isSelectable 1 -color white -stipple solid
<CMD> setLayerPreference M31ContVio -isVisible 1 -isSelectable 1 -color white -stipple solid
<CMD> setLayerPreference M31Text -isVisible 1 -isSelectable 0 -color navy -stippleData 0 0 {}
<CMD> setLayerPreference M31EOL -isVisible 1 -isSelectable 1 -color navy -stippleData 8 8 {0x01 0x01 0x01 0x01 0x01 0xff 0x01 0x01}
<CMD> setLayerPreference M31Patch -isVisible 1 -isSelectable 1 -color navy -stippleData 8 8 {0x01 0x01 0x01 0x01 0x01 0xff 0x01 0x01}
<CMD> setLayerPreference MB4 -isVisible 1 -isSelectable 1 -color #00d000 -stipple backslash
<CMD> setLayerPreference MB4Hi -isVisible 1 -isSelectable 1 -color white -stipple backslash
<CMD> setLayerPreference MB4Cont -isVisible 1 -isSelectable 1 -color #d0d000 -stipple dot4
<CMD> setLayerPreference MB4Pin -isVisible 1 -isSelectable 0 -color #00d000 -stipple cross
<CMD> setLayerPreference MB4ContPin -isVisible 1 -isSelectable 0 -color #d0d000 -stipple dot4
<CMD> setLayerPreference MB4RB -isVisible 1 -isSelectable 0 -color #00d000 -stipple brick
<CMD> setLayerPreference MB4ContRB -isVisible 1 -isSelectable 0 -color #d0d000 -stipple dot8_1
<CMD> setLayerPreference MB4Vio -isVisible 1 -isSelectable 1 -color white -stipple solid
<CMD> setLayerPreference MB4ContVio -isVisible 1 -isSelectable 1 -color white -stipple solid
<CMD> setLayerPreference MB4Text -isVisible 1 -isSelectable 0 -color #00d000 -stippleData 0 0 {}
<CMD> setLayerPreference MB3 -isVisible 1 -isSelectable 1 -color #d0d000 -stipple slash
<CMD> setLayerPreference MB3Hi -isVisible 1 -isSelectable 1 -color white -stipple slash
<CMD> setLayerPreference MB3Cont -isVisible 1 -isSelectable 1 -color brown -stipple dot4
<CMD> setLayerPreference MB3Pin -isVisible 1 -isSelectable 0 -color #d0d000 -stipple cross
<CMD> setLayerPreference MB3ContPin -isVisible 1 -isSelectable 0 -color brown -stipple dot4
<CMD> setLayerPreference MB3RB -isVisible 1 -isSelectable 0 -color #d0d000 -stipple brick
<CMD> setLayerPreference MB3ContRB -isVisible 1 -isSelectable 0 -color brown -stipple dot8_2
<CMD> setLayerPreference MB3Vio -isVisible 1 -isSelectable 1 -color white -stipple solid
<CMD> setLayerPreference MB3ContVio -isVisible 1 -isSelectable 1 -color white -stipple solid
<CMD> setLayerPreference MB3Text -isVisible 1 -isSelectable 0 -color #d0d000 -stippleData 0 0 {}
<CMD> setLayerPreference MB2 -isVisible 1 -isSelectable 1 -color brown -stipple backslash
<CMD> setLayerPreference MB2Hi -isVisible 1 -isSelectable 1 -color white -stipple backslash
<CMD> setLayerPreference MB2Cont -isVisible 1 -isSelectable 1 -color orange -stipple dot4
<CMD> setLayerPreference MB2Pin -isVisible 1 -isSelectable 0 -color brown -stipple cross
<CMD> setLayerPreference MB2ContPin -isVisible 1 -isSelectable 0 -color orange -stipple dot4
<CMD> setLayerPreference MB2RB -isVisible 1 -isSelectable 0 -color brown -stipple brick
<CMD> setLayerPreference MB2ContRB -isVisible 1 -isSelectable 0 -color orange -stipple dot8_1
<CMD> setLayerPreference MB2Vio -isVisible 1 -isSelectable 1 -color white -stipple solid
<CMD> setLayerPreference MB2ContVio -isVisible 1 -isSelectable 1 -color white -stipple solid
<CMD> setLayerPreference MB2Text -isVisible 1 -isSelectable 0 -color orange -stippleData 0 0 {}
<CMD> setLayerPreference MB1 -isVisible 1 -isSelectable 1 -color orange -stipple slash
<CMD> setLayerPreference MB1Hi -isVisible 1 -isSelectable 1 -color white -stipple slash
<CMD> setLayerPreference MB1Cont -isVisible 1 -isSelectable 1 -color blue -stipple dot4
<CMD> setLayerPreference MB1Pin -isVisible 1 -isSelectable 0 -color orange -stipple cross
<CMD> setLayerPreference MB1ContPin -isVisible 1 -isSelectable 0 -color blue -stipple dot4
<CMD> setLayerPreference MB1RB -isVisible 1 -isSelectable 0 -color orange -stipple brick
<CMD> setLayerPreference MB1ContRB -isVisible 1 -isSelectable 0 -color blue -stipple dot8_2
<CMD> setLayerPreference MB1Vio -isVisible 1 -isSelectable 1 -color white -stipple solid
<CMD> setLayerPreference MB1ContVio -isVisible 1 -isSelectable 1 -color white -stipple solid
<CMD> setLayerPreference MB2Text -isVisible 1 -isSelectable 0 -color orange -stippleData 0 0 {}
<CMD> setLayerPreference S64 -isVisible 0 -isSelectable 0 -color sandybrown -stippleData 8 8 {0x01 0x02 0x00 0x00 0x00 0x00 0x00 0x00}

**INFO:  MMMC transition support version v31-84 

<CMD> set_global _enable_mmmc_by_default_flow      $CTE::mmmc_default
<CMD> suppressMessage ENCEXT-2799
<CMD> getVersion
<CMD> getDrawView
<CMD> loadWorkspace -name Physical
<CMD> win
<CMD> save_global ram.globals
<CMD> set init_gnd_net {1VSS 1VSS0 2VSS 2VSS0 3VSS 3VSS0 4VSS 4VSS0}
<CMD> set init_lef_file {../../../../pdk/scl_pdk/stdlib/fs120/tech_data/lef/tsl180l4.lef ../../../../pdk/scl_pdk/stdlib/fs120/lef/tsl18fs120_scl.lef ../../../../pdk/scl_pdk/iolib/cio250/cds/lef/tsl18cio250_4lm.lef}
<CMD> set init_verilog InnovusInputFiles/single_port_ram_netlist.v
<CMD> set init_io_file InnovusInputFiles/padframe.io
<CMD> set init_pwr_net {1VDD 1VDD0 2VDD 2VDD0 3VDD 3VDD0 4VDD 4VDD0}
<CMD> init_design
#% Begin Load MMMC data ... (date=12/18 15:13:38, mem=465.2M)
#% End Load MMMC data ... (date=12/18 15:13:38, total cpu=0:00:00.0, real=0:00:00.0, peak res=465.2M, current mem=464.1M)
my_rc_corner_worst

Loading LEF file ../../../../pdk/scl_pdk/stdlib/fs120/tech_data/lef/tsl180l4.lef ...

Loading LEF file ../../../../pdk/scl_pdk/stdlib/fs120/lef/tsl18fs120_scl.lef ...
Set DBUPerIGU to M2 pitch 560.

Loading LEF file ../../../../pdk/scl_pdk/iolib/cio250/cds/lef/tsl18cio250_4lm.lef ...
**WARN: (IMPLF-200):	Pin 'PAD' in macro 'apc3d01' has no ANTENNAGATEAREA value defined. The library data is incomplete and some process antenna rules will not be checked correctly.
Type 'man IMPLF-200' for more detail.
**WARN: (IMPLF-200):	Pin 'PAD' in macro 'pc3b01' has no ANTENNAGATEAREA value defined. The library data is incomplete and some process antenna rules will not be checked correctly.
Type 'man IMPLF-200' for more detail.
**WARN: (IMPLF-200):	Pin 'PAD' in macro 'pc3b01d' has no ANTENNAGATEAREA value defined. The library data is incomplete and some process antenna rules will not be checked correctly.
Type 'man IMPLF-200' for more detail.
**WARN: (IMPLF-200):	Pin 'PAD' in macro 'pc3b01u' has no ANTENNAGATEAREA value defined. The library data is incomplete and some process antenna rules will not be checked correctly.
Type 'man IMPLF-200' for more detail.
**WARN: (IMPLF-200):	Pin 'PAD' in macro 'pc3b02' has no ANTENNAGATEAREA value defined. The library data is incomplete and some process antenna rules will not be checked correctly.
Type 'man IMPLF-200' for more detail.
**WARN: (IMPLF-200):	Pin 'PAD' in macro 'pc3b02d' has no ANTENNAGATEAREA value defined. The library data is incomplete and some process antenna rules will not be checked correctly.
Type 'man IMPLF-200' for more detail.
**WARN: (IMPLF-200):	Pin 'PAD' in macro 'pc3b02u' has no ANTENNAGATEAREA value defined. The library data is incomplete and some process antenna rules will not be checked correctly.
Type 'man IMPLF-200' for more detail.
**WARN: (IMPLF-200):	Pin 'PAD' in macro 'pc3b03' has no ANTENNAGATEAREA value defined. The library data is incomplete and some process antenna rules will not be checked correctly.
Type 'man IMPLF-200' for more detail.
**WARN: (IMPLF-200):	Pin 'PAD' in macro 'pc3b03d' has no ANTENNAGATEAREA value defined. The library data is incomplete and some process antenna rules will not be checked correctly.
Type 'man IMPLF-200' for more detail.
**WARN: (IMPLF-200):	Pin 'PAD' in macro 'pc3b03ed' has no ANTENNAGATEAREA value defined. The library data is incomplete and some process antenna rules will not be checked correctly.
Type 'man IMPLF-200' for more detail.
**WARN: (IMPLF-200):	Pin 'PAD' in macro 'pc3b03u' has no ANTENNAGATEAREA value defined. The library data is incomplete and some process antenna rules will not be checked correctly.
Type 'man IMPLF-200' for more detail.
**WARN: (IMPLF-200):	Pin 'PAD' in macro 'pc3b04' has no ANTENNAGATEAREA value defined. The library data is incomplete and some process antenna rules will not be checked correctly.
Type 'man IMPLF-200' for more detail.
**WARN: (IMPLF-200):	Pin 'PAD' in macro 'pc3b04d' has no ANTENNAGATEAREA value defined. The library data is incomplete and some process antenna rules will not be checked correctly.
Type 'man IMPLF-200' for more detail.
**WARN: (IMPLF-200):	Pin 'PAD' in macro 'pc3b04u' has no ANTENNAGATEAREA value defined. The library data is incomplete and some process antenna rules will not be checked correctly.
Type 'man IMPLF-200' for more detail.
**WARN: (IMPLF-200):	Pin 'PAD' in macro 'pc3b05' has no ANTENNAGATEAREA value defined. The library data is incomplete and some process antenna rules will not be checked correctly.
Type 'man IMPLF-200' for more detail.
**WARN: (IMPLF-200):	Pin 'PAD' in macro 'pc3b05d' has no ANTENNAGATEAREA value defined. The library data is incomplete and some process antenna rules will not be checked correctly.
Type 'man IMPLF-200' for more detail.
**WARN: (IMPLF-200):	Pin 'PAD' in macro 'pc3b05u' has no ANTENNAGATEAREA value defined. The library data is incomplete and some process antenna rules will not be checked correctly.
Type 'man IMPLF-200' for more detail.
**WARN: (IMPLF-200):	Pin 'PAD' in macro 'pc3b21eu' has no ANTENNAGATEAREA value defined. The library data is incomplete and some process antenna rules will not be checked correctly.
Type 'man IMPLF-200' for more detail.
**WARN: (IMPLF-200):	Pin 'PAD' in macro 'pc3b25eu' has no ANTENNAGATEAREA value defined. The library data is incomplete and some process antenna rules will not be checked correctly.
Type 'man IMPLF-200' for more detail.
**WARN: (IMPLF-200):	Pin 'PAD' in macro 'pc3d00' has no ANTENNAGATEAREA value defined. The library data is incomplete and some process antenna rules will not be checked correctly.
Type 'man IMPLF-200' for more detail.
**WARN: (EMS-27):	Message (IMPLF-200) has exceeded the current message display limit of 20.
To increase the message display limit, refer to the product command reference manual.

viaInitial starts at Mon Dec 18 15:13:38 2023
viaInitial ends at Mon Dec 18 15:13:38 2023
Loading view definition file from InnovusInputFiles/viewDefinition.tcl
Reading my_max_library_set timing library '/home/vlsi6/pdk/scl_pdk/stdlib/fs120/liberty/lib_flow_ss/tsl18fs120_scl_ss.lib' ...
Both ff/latch and statetable are present in cell 'lanht4'. Only ff/latch will be used to model sequential cell behavior and statetable will be ignored (File /home/vlsi6/pdk/scl_pdk/stdlib/fs120/liberty/lib_flow_ss/tsl18fs120_scl_ss.lib)
Both ff/latch and statetable are present in cell 'lanht2'. Only ff/latch will be used to model sequential cell behavior and statetable will be ignored (File /home/vlsi6/pdk/scl_pdk/stdlib/fs120/liberty/lib_flow_ss/tsl18fs120_scl_ss.lib)
**WARN: (TECHLIB-436):	Attribute 'max_capacitance' on 'output/inout' pin 'I' of cell 'bh01d1' is not defined in the library. (File /home/vlsi6/pdk/scl_pdk/stdlib/fs120/liberty/lib_flow_ss/tsl18fs120_scl_ss.lib)
**WARN: (TECHLIB-436):	Attribute 'max_fanout' on 'output/inout' pin 'I' of cell 'bh01d1' is not defined in the library. (File /home/vlsi6/pdk/scl_pdk/stdlib/fs120/liberty/lib_flow_ss/tsl18fs120_scl_ss.lib)
Both ff/latch and statetable are present in cell 'lanht1'. Only ff/latch will be used to model sequential cell behavior and statetable will be ignored (File /home/vlsi6/pdk/scl_pdk/stdlib/fs120/liberty/lib_flow_ss/tsl18fs120_scl_ss.lib)
Read 534 cells in library 'tsl18fs120_scl_ss' 
Reading my_max_library_set timing library '/home/vlsi6/pdk/scl_pdk/iolib/cio250/synopsys/2002.05/models/tsl18cio250_max.lib' ...
**ERROR: (TECHLIB-1318):	All the table values in the 'rise_transition' group are within '0.000010' of each other. (File /home/vlsi6/pdk/scl_pdk/iolib/cio250/synopsys/2002.05/models/tsl18cio250_max.lib, Line 1171)
**ERROR: (TECHLIB-1318):	All the table values in the 'fall_transition' group are within '0.000010' of each other. (File /home/vlsi6/pdk/scl_pdk/iolib/cio250/synopsys/2002.05/models/tsl18cio250_max.lib, Line 1185)
**ERROR: (TECHLIB-1318):	All the table values in the 'rise_transition' group are within '0.000010' of each other. (File /home/vlsi6/pdk/scl_pdk/iolib/cio250/synopsys/2002.05/models/tsl18cio250_max.lib, Line 1408)
**ERROR: (TECHLIB-1318):	All the table values in the 'fall_transition' group are within '0.000010' of each other. (File /home/vlsi6/pdk/scl_pdk/iolib/cio250/synopsys/2002.05/models/tsl18cio250_max.lib, Line 1422)
**ERROR: (TECHLIB-1318):	All the table values in the 'rise_transition' group are within '0.000010' of each other. (File /home/vlsi6/pdk/scl_pdk/iolib/cio250/synopsys/2002.05/models/tsl18cio250_max.lib, Line 1644)
**ERROR: (TECHLIB-1318):	All the table values in the 'fall_transition' group are within '0.000010' of each other. (File /home/vlsi6/pdk/scl_pdk/iolib/cio250/synopsys/2002.05/models/tsl18cio250_max.lib, Line 1658)
**ERROR: (TECHLIB-1318):	All the table values in the 'rise_transition' group are within '0.000010' of each other. (File /home/vlsi6/pdk/scl_pdk/iolib/cio250/synopsys/2002.05/models/tsl18cio250_max.lib, Line 1880)
**ERROR: (TECHLIB-1318):	All the table values in the 'fall_transition' group are within '0.000010' of each other. (File /home/vlsi6/pdk/scl_pdk/iolib/cio250/synopsys/2002.05/models/tsl18cio250_max.lib, Line 1894)
**ERROR: (TECHLIB-1318):	All the table values in the 'rise_transition' group are within '0.000010' of each other. (File /home/vlsi6/pdk/scl_pdk/iolib/cio250/synopsys/2002.05/models/tsl18cio250_max.lib, Line 2117)
**ERROR: (TECHLIB-1318):	All the table values in the 'fall_transition' group are within '0.000010' of each other. (File /home/vlsi6/pdk/scl_pdk/iolib/cio250/synopsys/2002.05/models/tsl18cio250_max.lib, Line 2131)
**ERROR: (TECHLIB-1318):	All the table values in the 'rise_transition' group are within '0.000010' of each other. (File /home/vlsi6/pdk/scl_pdk/iolib/cio250/synopsys/2002.05/models/tsl18cio250_max.lib, Line 2354)
**ERROR: (TECHLIB-1318):	All the table values in the 'fall_transition' group are within '0.000010' of each other. (File /home/vlsi6/pdk/scl_pdk/iolib/cio250/synopsys/2002.05/models/tsl18cio250_max.lib, Line 2368)
**ERROR: (TECHLIB-1318):	All the table values in the 'rise_transition' group are within '0.000010' of each other. (File /home/vlsi6/pdk/scl_pdk/iolib/cio250/synopsys/2002.05/models/tsl18cio250_max.lib, Line 2590)
**ERROR: (TECHLIB-1318):	All the table values in the 'fall_transition' group are within '0.000010' of each other. (File /home/vlsi6/pdk/scl_pdk/iolib/cio250/synopsys/2002.05/models/tsl18cio250_max.lib, Line 2604)
**ERROR: (TECHLIB-1318):	All the table values in the 'rise_transition' group are within '0.000010' of each other. (File /home/vlsi6/pdk/scl_pdk/iolib/cio250/synopsys/2002.05/models/tsl18cio250_max.lib, Line 2827)
**ERROR: (TECHLIB-1318):	All the table values in the 'fall_transition' group are within '0.000010' of each other. (File /home/vlsi6/pdk/scl_pdk/iolib/cio250/synopsys/2002.05/models/tsl18cio250_max.lib, Line 2841)
**ERROR: (TECHLIB-1318):	All the table values in the 'rise_transition' group are within '0.000010' of each other. (File /home/vlsi6/pdk/scl_pdk/iolib/cio250/synopsys/2002.05/models/tsl18cio250_max.lib, Line 3071)
**ERROR: (TECHLIB-1318):	All the table values in the 'fall_transition' group are within '0.000010' of each other. (File /home/vlsi6/pdk/scl_pdk/iolib/cio250/synopsys/2002.05/models/tsl18cio250_max.lib, Line 3085)
**ERROR: (TECHLIB-1318):	All the table values in the 'rise_transition' group are within '0.000010' of each other. (File /home/vlsi6/pdk/scl_pdk/iolib/cio250/synopsys/2002.05/models/tsl18cio250_max.lib, Line 3308)
**ERROR: (TECHLIB-1318):	All the table values in the 'fall_transition' group are within '0.000010' of each other. (File /home/vlsi6/pdk/scl_pdk/iolib/cio250/synopsys/2002.05/models/tsl18cio250_max.lib, Line 3322)
Message <TECHLIB-1318> has exceeded the message display limit of '20'. Use 'set_message -no_limit -id list_of_msgIDs' to reset the message limit.
**WARN: (TECHLIB-436):	Attribute 'max_capacitance' on 'output/inout' pin 'XOUT' of cell 'pc3x11' is not defined in the library. (File /home/vlsi6/pdk/scl_pdk/iolib/cio250/synopsys/2002.05/models/tsl18cio250_max.lib)
**WARN: (TECHLIB-436):	Attribute 'max_fanout' on 'output/inout' pin 'XOUT' of cell 'pc3x11' is not defined in the library. (File /home/vlsi6/pdk/scl_pdk/iolib/cio250/synopsys/2002.05/models/tsl18cio250_max.lib)
**WARN: (TECHLIB-436):	Attribute 'max_capacitance' on 'output/inout' pin 'XOUT' of cell 'pc3x12' is not defined in the library. (File /home/vlsi6/pdk/scl_pdk/iolib/cio250/synopsys/2002.05/models/tsl18cio250_max.lib)
**WARN: (TECHLIB-436):	Attribute 'max_fanout' on 'output/inout' pin 'XOUT' of cell 'pc3x12' is not defined in the library. (File /home/vlsi6/pdk/scl_pdk/iolib/cio250/synopsys/2002.05/models/tsl18cio250_max.lib)
**WARN: (TECHLIB-436):	Attribute 'max_capacitance' on 'output/inout' pin 'XOUT' of cell 'pc3x13' is not defined in the library. (File /home/vlsi6/pdk/scl_pdk/iolib/cio250/synopsys/2002.05/models/tsl18cio250_max.lib)
**WARN: (TECHLIB-436):	Attribute 'max_fanout' on 'output/inout' pin 'XOUT' of cell 'pc3x13' is not defined in the library. (File /home/vlsi6/pdk/scl_pdk/iolib/cio250/synopsys/2002.05/models/tsl18cio250_max.lib)
**WARN: (TECHLIB-436):	Attribute 'max_capacitance' on 'output/inout' pin 'PAD' of cell 'pc3d00' is not defined in the library. (File /home/vlsi6/pdk/scl_pdk/iolib/cio250/synopsys/2002.05/models/tsl18cio250_max.lib)
**WARN: (TECHLIB-436):	Attribute 'max_fanout' on 'output/inout' pin 'PAD' of cell 'pc3d00' is not defined in the library. (File /home/vlsi6/pdk/scl_pdk/iolib/cio250/synopsys/2002.05/models/tsl18cio250_max.lib)
**WARN: (TECHLIB-436):	Attribute 'max_capacitance' on 'output/inout' pin 'PADR' of cell 'pc3d00' is not defined in the library. (File /home/vlsi6/pdk/scl_pdk/iolib/cio250/synopsys/2002.05/models/tsl18cio250_max.lib)
**WARN: (TECHLIB-436):	Attribute 'max_fanout' on 'output/inout' pin 'PADR' of cell 'pc3d00' is not defined in the library. (File /home/vlsi6/pdk/scl_pdk/iolib/cio250/synopsys/2002.05/models/tsl18cio250_max.lib)
**WARN: (TECHLIB-436):	Attribute 'max_capacitance' on 'output/inout' pin 'AVSSO' of cell 'apv0a' is not defined in the library. (File /home/vlsi6/pdk/scl_pdk/iolib/cio250/synopsys/2002.05/models/tsl18cio250_max.lib)
**WARN: (TECHLIB-436):	Attribute 'max_fanout' on 'output/inout' pin 'AVSSO' of cell 'apv0a' is not defined in the library. (File /home/vlsi6/pdk/scl_pdk/iolib/cio250/synopsys/2002.05/models/tsl18cio250_max.lib)
**WARN: (TECHLIB-436):	Attribute 'max_capacitance' on 'output/inout' pin 'AVSS' of cell 'apv0i' is not defined in the library. (File /home/vlsi6/pdk/scl_pdk/iolib/cio250/synopsys/2002.05/models/tsl18cio250_max.lib)
**WARN: (TECHLIB-436):	Attribute 'max_fanout' on 'output/inout' pin 'AVSS' of cell 'apv0i' is not defined in the library. (File /home/vlsi6/pdk/scl_pdk/iolib/cio250/synopsys/2002.05/models/tsl18cio250_max.lib)
**WARN: (TECHLIB-436):	Attribute 'max_capacitance' on 'output/inout' pin 'AVDDO' of cell 'apvda' is not defined in the library. (File /home/vlsi6/pdk/scl_pdk/iolib/cio250/synopsys/2002.05/models/tsl18cio250_max.lib)
**WARN: (TECHLIB-436):	Attribute 'max_fanout' on 'output/inout' pin 'AVDDO' of cell 'apvda' is not defined in the library. (File /home/vlsi6/pdk/scl_pdk/iolib/cio250/synopsys/2002.05/models/tsl18cio250_max.lib)
**WARN: (TECHLIB-436):	Attribute 'max_capacitance' on 'output/inout' pin 'AVDD' of cell 'apvdi' is not defined in the library. (File /home/vlsi6/pdk/scl_pdk/iolib/cio250/synopsys/2002.05/models/tsl18cio250_max.lib)
**WARN: (TECHLIB-436):	Attribute 'max_fanout' on 'output/inout' pin 'AVDD' of cell 'apvdi' is not defined in the library. (File /home/vlsi6/pdk/scl_pdk/iolib/cio250/synopsys/2002.05/models/tsl18cio250_max.lib)
Message <TECHLIB-436> has exceeded the message display limit of '20'. Use 'set_message -no_limit -id list_of_msgIDs' to reset the message limit.
Read 93 cells in library 'tsl18cio250_max' 
Reading my_min_library_set timing library '/home/vlsi6/pdk/scl_pdk/stdlib/fs120/liberty/lib_flow_ff/tsl18fs120_scl_ff.lib' ...
Both ff/latch and statetable are present in cell 'lanht4'. Only ff/latch will be used to model sequential cell behavior and statetable will be ignored (File /home/vlsi6/pdk/scl_pdk/stdlib/fs120/liberty/lib_flow_ff/tsl18fs120_scl_ff.lib)
Both ff/latch and statetable are present in cell 'lanht2'. Only ff/latch will be used to model sequential cell behavior and statetable will be ignored (File /home/vlsi6/pdk/scl_pdk/stdlib/fs120/liberty/lib_flow_ff/tsl18fs120_scl_ff.lib)
Both ff/latch and statetable are present in cell 'lanht1'. Only ff/latch will be used to model sequential cell behavior and statetable will be ignored (File /home/vlsi6/pdk/scl_pdk/stdlib/fs120/liberty/lib_flow_ff/tsl18fs120_scl_ff.lib)
Read 534 cells in library 'tsl18fs120_scl_ff' 
Reading my_min_library_set timing library '/home/vlsi6/pdk/scl_pdk/iolib/cio250/synopsys/2002.05/models/tsl18cio250_min.lib' ...
Read 93 cells in library 'tsl18cio250_min' 
*** End library_loading (cpu=0.02min, real=0.03min, mem=28.8M, fe_cpu=1.06min, fe_real=6.43min, fe_mem=549.9M) ***
#% Begin Load netlist data ... (date=12/18 15:13:40, mem=546.5M)
*** Begin netlist parsing (mem=549.9M) ***
**WARN: (IMPVL-159):	Pin 'VDD' of cell 'aoim22d1' is defined in LEF but not in the timing library.
**WARN: (IMPVL-159):	Pin 'VSS' of cell 'aoim22d1' is defined in LEF but not in the timing library.
**WARN: (IMPVL-159):	Pin 'VDD' of cell 'or04d2' is defined in LEF but not in the timing library.
**WARN: (IMPVL-159):	Pin 'VSS' of cell 'or04d2' is defined in LEF but not in the timing library.
**WARN: (IMPVL-159):	Pin 'VDD' of cell 'an02d1' is defined in LEF but not in the timing library.
**WARN: (IMPVL-159):	Pin 'VSS' of cell 'an02d1' is defined in LEF but not in the timing library.
**WARN: (IMPVL-159):	Pin 'VDD' of cell 'nd02da' is defined in LEF but not in the timing library.
**WARN: (IMPVL-159):	Pin 'VSS' of cell 'nd02da' is defined in LEF but not in the timing library.
**WARN: (IMPVL-159):	Pin 'VDD' of cell 'dl03d2' is defined in LEF but not in the timing library.
**WARN: (IMPVL-159):	Pin 'VSS' of cell 'dl03d2' is defined in LEF but not in the timing library.
**WARN: (IMPVL-159):	Pin 'VDD' of cell 'invtd7' is defined in LEF but not in the timing library.
**WARN: (IMPVL-159):	Pin 'VSS' of cell 'invtd7' is defined in LEF but not in the timing library.
**WARN: (IMPVL-159):	Pin 'VDD' of cell 'slnht2' is defined in LEF but not in the timing library.
**WARN: (IMPVL-159):	Pin 'VSS' of cell 'slnht2' is defined in LEF but not in the timing library.
**WARN: (IMPVL-159):	Pin 'VDD' of cell 'aoim22d2' is defined in LEF but not in the timing library.
**WARN: (IMPVL-159):	Pin 'VSS' of cell 'aoim22d2' is defined in LEF but not in the timing library.
**WARN: (IMPVL-159):	Pin 'VDD' of cell 'mffnrb2' is defined in LEF but not in the timing library.
**WARN: (IMPVL-159):	Pin 'VSS' of cell 'mffnrb2' is defined in LEF but not in the timing library.
**WARN: (IMPVL-159):	Pin 'VDD' of cell 'nr03d7' is defined in LEF but not in the timing library.
**WARN: (IMPVL-159):	Pin 'VSS' of cell 'nr03d7' is defined in LEF but not in the timing library.
**WARN: (EMS-27):	Message (IMPVL-159) has exceeded the current message display limit of 20.
To increase the message display limit, refer to the product command reference manual.
Pin 'VDD' of cell 'pvdi' is declared as power/ground in LEF but as signal in timing library.  Treat it as power/ground.
Pin 'VDDC' of cell 'pvdc' is declared as power/ground in LEF but as signal in timing library.  Treat it as power/ground.
Pin 'VDDO' of cell 'pvda' is declared as power/ground in LEF but as signal in timing library.  Treat it as power/ground.
Pin 'VSS' of cell 'pv0i' is declared as power/ground in LEF but as signal in timing library.  Treat it as power/ground.
Pin 'VSS' of cell 'pv0f' is declared as power/ground in LEF but as signal in timing library.  Treat it as power/ground.
Pin 'VSSC' of cell 'pv0c' is declared as power/ground in LEF but as signal in timing library.  Treat it as power/ground.
Pin 'VSSO' of cell 'pv0a' is declared as power/ground in LEF but as signal in timing library.  Treat it as power/ground.
Pin 'AVDD' of cell 'apvdi' is declared as power/ground in LEF but as signal in timing library.  Treat it as power/ground.
Pin 'AVDDO' of cell 'apvda' is declared as power/ground in LEF but as signal in timing library.  Treat it as power/ground.
Pin 'AVSS' of cell 'apv0i' is declared as power/ground in LEF but as signal in timing library.  Treat it as power/ground.
Pin 'AVSSO' of cell 'apv0a' is declared as power/ground in LEF but as signal in timing library.  Treat it as power/ground.
Created 627 new cells from 4 timing libraries.
Reading netlist ...
Backslashed names will retain backslash and a trailing blank character.
Reading verilog netlist 'InnovusInputFiles/single_port_ram_netlist.v'

*** Memory Usage v#1 (Current mem = 549.852M, initial mem = 179.895M) ***
*** End netlist parsing (cpu=0:00:00.0, real=0:00:00.0, mem=549.9M) ***
#% End Load netlist data ... (date=12/18 15:13:40, total cpu=0:00:00.0, real=0:00:00.0, peak res=546.5M, current mem=497.5M)
Top level cell is single_port_sync_ram.
**WARN: (IMPTS-282):	Cell 'pt3t03u' is not a level shifter cell but has 'input_signal_level' and 'output_signal_level' specified on pins, or it has different related_power_pin specified on input and output pins. To mark this cell as level shifter, use 'is_level_shifter' attribute.
Type 'man IMPTS-282' for more detail.
**WARN: (IMPTS-282):	Cell 'pt3t03d' is not a level shifter cell but has 'input_signal_level' and 'output_signal_level' specified on pins, or it has different related_power_pin specified on input and output pins. To mark this cell as level shifter, use 'is_level_shifter' attribute.
Type 'man IMPTS-282' for more detail.
**WARN: (IMPTS-282):	Cell 'pt3t03' is not a level shifter cell but has 'input_signal_level' and 'output_signal_level' specified on pins, or it has different related_power_pin specified on input and output pins. To mark this cell as level shifter, use 'is_level_shifter' attribute.
Type 'man IMPTS-282' for more detail.
**WARN: (IMPTS-282):	Cell 'pt3t02u' is not a level shifter cell but has 'input_signal_level' and 'output_signal_level' specified on pins, or it has different related_power_pin specified on input and output pins. To mark this cell as level shifter, use 'is_level_shifter' attribute.
Type 'man IMPTS-282' for more detail.
**WARN: (IMPTS-282):	Cell 'pt3t02d' is not a level shifter cell but has 'input_signal_level' and 'output_signal_level' specified on pins, or it has different related_power_pin specified on input and output pins. To mark this cell as level shifter, use 'is_level_shifter' attribute.
Type 'man IMPTS-282' for more detail.
**WARN: (IMPTS-282):	Cell 'pt3t02' is not a level shifter cell but has 'input_signal_level' and 'output_signal_level' specified on pins, or it has different related_power_pin specified on input and output pins. To mark this cell as level shifter, use 'is_level_shifter' attribute.
Type 'man IMPTS-282' for more detail.
**WARN: (IMPTS-282):	Cell 'pt3t01u' is not a level shifter cell but has 'input_signal_level' and 'output_signal_level' specified on pins, or it has different related_power_pin specified on input and output pins. To mark this cell as level shifter, use 'is_level_shifter' attribute.
Type 'man IMPTS-282' for more detail.
**WARN: (IMPTS-282):	Cell 'pt3t01d' is not a level shifter cell but has 'input_signal_level' and 'output_signal_level' specified on pins, or it has different related_power_pin specified on input and output pins. To mark this cell as level shifter, use 'is_level_shifter' attribute.
Type 'man IMPTS-282' for more detail.
**WARN: (IMPTS-282):	Cell 'pt3t01' is not a level shifter cell but has 'input_signal_level' and 'output_signal_level' specified on pins, or it has different related_power_pin specified on input and output pins. To mark this cell as level shifter, use 'is_level_shifter' attribute.
Type 'man IMPTS-282' for more detail.
**WARN: (IMPTS-282):	Cell 'pt3o03' is not a level shifter cell but has 'input_signal_level' and 'output_signal_level' specified on pins, or it has different related_power_pin specified on input and output pins. To mark this cell as level shifter, use 'is_level_shifter' attribute.
Type 'man IMPTS-282' for more detail.
**WARN: (IMPTS-282):	Cell 'pt3o02' is not a level shifter cell but has 'input_signal_level' and 'output_signal_level' specified on pins, or it has different related_power_pin specified on input and output pins. To mark this cell as level shifter, use 'is_level_shifter' attribute.
Type 'man IMPTS-282' for more detail.
**WARN: (IMPTS-282):	Cell 'pt3o01' is not a level shifter cell but has 'input_signal_level' and 'output_signal_level' specified on pins, or it has different related_power_pin specified on input and output pins. To mark this cell as level shifter, use 'is_level_shifter' attribute.
Type 'man IMPTS-282' for more detail.
**WARN: (IMPTS-282):	Cell 'pc3t05u' is not a level shifter cell but has 'input_signal_level' and 'output_signal_level' specified on pins, or it has different related_power_pin specified on input and output pins. To mark this cell as level shifter, use 'is_level_shifter' attribute.
Type 'man IMPTS-282' for more detail.
**WARN: (IMPTS-282):	Cell 'pc3t05d' is not a level shifter cell but has 'input_signal_level' and 'output_signal_level' specified on pins, or it has different related_power_pin specified on input and output pins. To mark this cell as level shifter, use 'is_level_shifter' attribute.
Type 'man IMPTS-282' for more detail.
**WARN: (IMPTS-282):	Cell 'pc3t05' is not a level shifter cell but has 'input_signal_level' and 'output_signal_level' specified on pins, or it has different related_power_pin specified on input and output pins. To mark this cell as level shifter, use 'is_level_shifter' attribute.
Type 'man IMPTS-282' for more detail.
**WARN: (IMPTS-282):	Cell 'pc3t04u' is not a level shifter cell but has 'input_signal_level' and 'output_signal_level' specified on pins, or it has different related_power_pin specified on input and output pins. To mark this cell as level shifter, use 'is_level_shifter' attribute.
Type 'man IMPTS-282' for more detail.
**WARN: (IMPTS-282):	Cell 'pc3t04d' is not a level shifter cell but has 'input_signal_level' and 'output_signal_level' specified on pins, or it has different related_power_pin specified on input and output pins. To mark this cell as level shifter, use 'is_level_shifter' attribute.
Type 'man IMPTS-282' for more detail.
**WARN: (IMPTS-282):	Cell 'pc3t04' is not a level shifter cell but has 'input_signal_level' and 'output_signal_level' specified on pins, or it has different related_power_pin specified on input and output pins. To mark this cell as level shifter, use 'is_level_shifter' attribute.
Type 'man IMPTS-282' for more detail.
**WARN: (IMPTS-282):	Cell 'pc3t03u' is not a level shifter cell but has 'input_signal_level' and 'output_signal_level' specified on pins, or it has different related_power_pin specified on input and output pins. To mark this cell as level shifter, use 'is_level_shifter' attribute.
Type 'man IMPTS-282' for more detail.
**WARN: (IMPTS-282):	Cell 'pc3t03d' is not a level shifter cell but has 'input_signal_level' and 'output_signal_level' specified on pins, or it has different related_power_pin specified on input and output pins. To mark this cell as level shifter, use 'is_level_shifter' attribute.
Type 'man IMPTS-282' for more detail.
**WARN: (EMS-27):	Message (IMPTS-282) has exceeded the current message display limit of 20.
To increase the message display limit, refer to the product command reference manual.
Hooked 1254 DB cells to tlib cells.
Starting recursive module instantiation check.
No recursion found.
Building hierarchical netlist for Cell single_port_sync_ram ...
*** Netlist is unique.
** info: there are 1285 modules.
** info: there are 1494 stdCell insts.
** info: there are 40 Pad insts.

*** Memory Usage v#1 (Current mem = 575.523M, initial mem = 179.895M) ***
Reading IO assignment file "InnovusInputFiles/padframe.io" ...
Adjusting Core to Left to: 0.3200. Core to Bottom to: 0.3200.
**WARN: (IMPFP-3961):	The techSite 'CO_MSTR_c' has no related standard cells in LEF/OA library. Cannot make calculations for this site type unless standard cell models of this type exist in the LEF/OA library. If the SITE is not used by the library you can ignore this warning or remove the SITE definition from the LEF/OA to avoid this message.
Type 'man IMPFP-3961' for more detail.
**WARN: (IMPFP-3961):	The techSite 'IOSite_c' has no related standard cells in LEF/OA library. Cannot make calculations for this site type unless standard cell models of this type exist in the LEF/OA library. If the SITE is not used by the library you can ignore this warning or remove the SITE definition from the LEF/OA to avoid this message.
Type 'man IMPFP-3961' for more detail.
Horizontal Layer M1 offset = 0 (derived)
Vertical Layer M2 offset = 280 (derived)
Generated pitch 0.56 in M3 is different from 0.84 defined in technology file in preferred direction.
Set Default Net Delay as 1000 ps.
Set Default Net Load as 0.5 pF. 
Set Default Input Pin Transition as 0.1 ps.
*Info: initialize multi-corner CTS.
Reading timing constraints file '/home/vlsi6/Desktop/kumar_dicd/single_port_sync_ram/pd/InnovusInputFiles/single_port_ram_sdc.sdc' ...
Current (total cpu=0:01:04, real=0:06:26, peak res=642.3M, current mem=642.3M)
single_port_sync_ram
**WARN: (TCLNL-330):	set_input_delay on clock root 'clk' is not supported. You should use the -source option to set_clock_latency to provide this offset. You can also use the global timing_allow_input_delay_on_clock_source to allow set_input_delay assertion to have an effect on clock source paths beginning at this clock root. (File /home/vlsi6/Desktop/kumar_dicd/single_port_sync_ram/pd/InnovusInputFiles/single_port_ram_sdc.sdc, Line 49).

INFO (CTE): Reading of timing constraints file /home/vlsi6/Desktop/kumar_dicd/single_port_sync_ram/pd/InnovusInputFiles/single_port_ram_sdc.sdc completed, with 1 WARNING
WARNING (CTE-25): Line: 9, 10 of File /home/vlsi6/Desktop/kumar_dicd/single_port_sync_ram/pd/InnovusInputFiles/single_port_ram_sdc.sdc : Skipped unsupported command: set_units


Ending "Constraint file reading stats" (total cpu=0:00:00.0, real=0:00:00.0, peak res=660.3M, current mem=660.3M)
Current (total cpu=0:01:04, real=0:06:26, peak res=660.3M, current mem=660.3M)
Total number of combinational cells: 321
Total number of sequential cells: 203
Total number of tristate cells: 10
Total number of level shifter cells: 0
Total number of power gating cells: 0
Total number of isolation cells: 0
Total number of power switch cells: 0
Total number of pulse generator cells: 0
Total number of always on buffers: 0
Total number of retention cells: 0
List of usable buffers: bufbd7 buffd2 bufbdf buffda buffd3 bufbda buffd4 bufbd4 bufbd1 bufbd3 buffd7 buffd1 bufbd2
Total number of usable buffers: 13
List of unusable buffers:
Total number of unusable buffers: 0
List of usable inverters: inv0d2 inv0da invbda invbdk inv0d1 inv0d7 invbd4 inv0d0 invbd2 inv0d4 invbd7 invbdf
Total number of usable inverters: 12
List of unusable inverters:
Total number of unusable inverters: 0
List of identified usable delay cells: dl04d1 dl03d1 dl02d2 dl03d4 dl04d2 dl02d1 dl01d4 bufbdk dl04d4 dl02d4 dl01d2 dl01d1 dl03d2
Total number of identified usable delay cells: 13
List of identified unusable delay cells:
Total number of identified unusable delay cells: 0
Extraction setup Started 
Initializing multi-corner RC extraction with 1 active RC Corners ...
**WARN: (IMPEXT-2773):	The via resistance between layers M0 and M1 could not be determined from the LEF technology file because the via resistance specification is missing. A default of 4 Ohms will be used as via resistance between these layers.
Type 'man IMPEXT-2773' for more detail.
**WARN: (IMPEXT-2776):	The via resistance between layers M1 and M2 is not defined in the capacitance table file. The via resistance of 6 Ohms defined in the LEF technology file will be used as via resistance between these layers.
Type 'man IMPEXT-2776' for more detail.
**WARN: (IMPEXT-2776):	The via resistance between layers M2 and M3 is not defined in the capacitance table file. The via resistance of 6 Ohms defined in the LEF technology file will be used as via resistance between these layers.
Type 'man IMPEXT-2776' for more detail.
**WARN: (IMPEXT-2776):	The via resistance between layers M3 and M4 is not defined in the capacitance table file. The via resistance of 2.5 Ohms defined in the LEF technology file will be used as via resistance between these layers.
Type 'man IMPEXT-2776' for more detail.
**WARN: (IMPEXT-2766):	The sheet resistance for layer M1 is not defined in the cap table. Therefore, the LEF value 0.08 will be used instead. To avoid this message, update the relevant cap table to include the sheet resistance for the specified layer and read it back in.
**WARN: (IMPEXT-2766):	The sheet resistance for layer M2 is not defined in the cap table. Therefore, the LEF value 0.08 will be used instead. To avoid this message, update the relevant cap table to include the sheet resistance for the specified layer and read it back in.
**WARN: (IMPEXT-2766):	The sheet resistance for layer M3 is not defined in the cap table. Therefore, the LEF value 0.08 will be used instead. To avoid this message, update the relevant cap table to include the sheet resistance for the specified layer and read it back in.
**WARN: (IMPEXT-2766):	The sheet resistance for layer M4 is not defined in the cap table. Therefore, the LEF value 0.04 will be used instead. To avoid this message, update the relevant cap table to include the sheet resistance for the specified layer and read it back in.
Summary of Active RC-Corners : 
 
 Analysis View: my_analysis_view_setup
    RC-Corner Name        : my_rc_corner_worst
    RC-Corner Index       : 0
    RC-Corner Temperature : 25 Celsius
    RC-Corner Cap Table   : ''
    RC-Corner PreRoute Res Factor         : 1
    RC-Corner PreRoute Cap Factor         : 1
    RC-Corner PostRoute Res Factor        : 1 {1 1 1}
    RC-Corner PostRoute Cap Factor        : 1 {1 1 1}
    RC-Corner PostRoute XCap Factor       : 1 {1 1 1}
    RC-Corner PreRoute Clock Res Factor   : 1	[Derived from Cap Table]
    RC-Corner PreRoute Clock Cap Factor   : 1	[Derived from Cap Table]
    RC-Corner PostRoute Clock Cap Factor  : 1 {1 1 1} 	[Derived from postRoute_cap (effortLevel low)]
    RC-Corner PostRoute Clock Res Factor  : 1 {1 1 1} 	[Derived from postRoute_res (effortLevel low)]
 
 Analysis View: my_analysis_view_hold
    RC-Corner Name        : my_rc_corner_worst
    RC-Corner Index       : 0
    RC-Corner Temperature : 25 Celsius
    RC-Corner Cap Table   : ''
    RC-Corner PreRoute Res Factor         : 1
    RC-Corner PreRoute Cap Factor         : 1
    RC-Corner PostRoute Res Factor        : 1 {1 1 1}
    RC-Corner PostRoute Cap Factor        : 1 {1 1 1}
    RC-Corner PostRoute XCap Factor       : 1 {1 1 1}
    RC-Corner PreRoute Clock Res Factor   : 1	[Derived from Cap Table]
    RC-Corner PreRoute Clock Cap Factor   : 1	[Derived from Cap Table]
    RC-Corner PostRoute Clock Cap Factor  : 1 {1 1 1} 	[Derived from postRoute_cap (effortLevel low)]
    RC-Corner PostRoute Clock Res Factor  : 1 {1 1 1} 	[Derived from postRoute_res (effortLevel low)]

*** Summary of all messages that are not suppressed in this session:
Severity  ID               Count  Summary                                  
WARNING   IMPLF-200           49  Pin '%s' in macro '%s' has no ANTENNAGAT...
WARNING   IMPFP-3961           2  The techSite '%s' has no related standar...
WARNING   IMPTS-282           92  Cell '%s' is not a level shifter cell bu...
WARNING   IMPEXT-2766          4  The sheet resistance for layer %s is not...
WARNING   IMPEXT-2773          1  The via resistance between layers %s and...
WARNING   IMPEXT-2776          3  The via resistance between layers %s and...
WARNING   IMPVL-159         1435  Pin '%s' of cell '%s' is defined in LEF ...
WARNING   TCLNL-330            1  set_input_delay on clock root '%s' is no...
WARNING   TECHLIB-436         20  Attribute '%s' on '%s' pin '%s' of cell ...
ERROR     TECHLIB-1318        20  All the table values in the '%s' group a...
*** Message Summary: 1607 warning(s), 20 error(s)

<CMD> fit
<CMD> fit
<CMD> uiSetTool ruler
<CMD> getIoFlowFlag
<CMD> setIoFlowFlag 0
<CMD> floorPlan -site CoreSite -b 0.0 0.0 1710.0 1710.0 250.0 250.0 1440.0 1440.0 250.32 250.32 1440.0 1437.52
**WARN: (IMPFP-4031):	Adjusting 'coreBox'(according to PlacementGrid) from {(250.320000 , 250.320000) (1440.000000 , 1437.520000)} to {(250.320000 , 250.320000) (1439.760000 , 1437.520000)} due to track/row misalignment. To force the value, specify the -noSnapToGrid option or use fpiSetSnapRule command to specify the die/core to different grid.
**WARN: (IMPFP-4031):	Adjusting 'DieBox'(according to PlacementGrid) from {(0.000000 , 0.000000) (1710.000000 , 1710.000000)} to {(0.000000 , 0.000000) (1710.240000 , 1710.240000)} due to track/row misalignment. To force the value, specify the -noSnapToGrid option or use fpiSetSnapRule command to specify the die/core to different grid.
**WARN: (IMPFP-4031):	Adjusting 'ioBox'(according to PlacementGrid) from {(250.000000 , 250.000000) (1440.000000 , 1440.000000)} to {(249.760000 , 249.760000) (1439.760000 , 1439.760000)} due to track/row misalignment. To force the value, specify the -noSnapToGrid option or use fpiSetSnapRule command to specify the die/core to different grid.
Horizontal Layer M1 offset = 0 (derived)
Vertical Layer M2 offset = 280 (derived)
Generated pitch 0.56 in M3 is different from 0.84 defined in technology file in preferred direction.
<CMD> uiSetTool select
<CMD> getIoFlowFlag
<CMD> fit
<CMD> setIoFlowFlag 0
<CMD> floorPlan -site CoreSite -b 0.0 0.0 1710.24 1710.24 249.76 249.76 1439.76 1439.76 250.32 250.32 1439.76 1437.52
Horizontal Layer M1 offset = 0 (derived)
Vertical Layer M2 offset = 280 (derived)
Generated pitch 0.56 in M3 is different from 0.84 defined in technology file in preferred direction.
<CMD> uiSetTool select
<CMD> getIoFlowFlag
<CMD> fit
<CMD> getIoFlowFlag
<CMD> setIoFlowFlag 0
<CMD> floorPlan -site CoreSite -b 20 20 1710.24 1710.24 249.76 249.76 1439.76 1439.76 250.32 250.32 1439.76 1437.52
**WARN: (IMPFP-4031):	Adjusting 'DieBox'(according to PlacementGrid) from {(20.000000 , 20.000000) (1710.240000 , 1710.240000)} to {(20.160000 , 20.160000) (1710.240000 , 1710.240000)} due to track/row misalignment. To force the value, specify the -noSnapToGrid option or use fpiSetSnapRule command to specify the die/core to different grid.
Horizontal Layer M1 offset = 0 (derived)
Vertical Layer M2 offset = 280 (derived)
Generated pitch 0.56 in M3 is different from 0.84 defined in technology file in preferred direction.
<CMD> uiSetTool select
<CMD> getIoFlowFlag
<CMD> fit
<CMD> zoomSelected
<CMD> zoomSelected
<CMD> zoomSelected

*** Memory Usage v#1 (Current mem = 988.648M, initial mem = 179.895M) ***
*** Message Summary: 1611 warning(s), 20 error(s)

--- Ending "Innovus" (totcpu=0:01:40, real=0:12:51, mem=988.6M) ---
